#
# A fatal error has been detected by the Java Runtime Environment:
#
#  Internal Error (jvmciRuntime.cpp:1609), pid=28, tid=42
#  fatal error: Fatal exception in JVMCI: Error calling jdk.vm.ci.services.Services.serializeSavedProperties
#
# JRE version: OpenJDK Runtime Environment GraalVM CE 22.3.0 (17.0.5+8) (build 17.0.5+8-jvmci-22.3-b08)
# Java VM: OpenJDK 64-Bit Server VM GraalVM CE 22.3.0 (17.0.5+8-jvmci-22.3-b08, mixed mode, sharing, tiered, jvmci, jvmci compiler, compressed oops, compressed class ptrs, parallel gc, linux-amd64)
# Problematic frame:
# V  [libjvm.so+0x972714]  JVMCIRuntime::fatal_exception(JVMCIEnv*, char const*)+0x74
#
# Core dump will be written. Default location: Core dumps may be processed with "/usr/share/apport/apport -p%p -s%s -c%c -d%d -P%P -u%u -g%g -- %E" (or dumping to /home/runner/folha-de-pagamento/core.28)
#
# If you would like to submit a bug report, please visit:
#   https://github.com/oracle/graal/issues
#

---------------  S U M M A R Y ------------

Command Line: -XX:ThreadPriorityPolicy=1 -XX:+UnlockExperimentalVMOptions -XX:+EnableJVMCIProduct -XX:JVMCIThreadsPerNativeLibraryRuntime=1 -XX:-UnlockExperimentalVMOptions -Declipse.application=org.eclipse.jdt.ls.core.id1 -Dosgi.bundles.defaultStartLevel=4 -Declipse.product=org.eclipse.jdt.ls.core.product -Dlog.level=ALL -Xverify:none -XX:+UseParallelGC -XX:GCTimeRatio=4 -XX:AdaptiveSizePolicyWeight=90 -Dsun.zip.disableMemoryMapping=true -Xmx512m -Xms100m /nix/store/m6gcpi1ii6rghy04cjwjddcavv7i90df-jdt-language-server-1.9.0/share/java/plugins/org.eclipse.equinox.launcher_1.6.400.v20210924-0641.jar --add-modules=ALL-SYSTEM --add-opens java.base/java.util=ALL-UNNAMED --add-opens java.base/java.lang=ALL-UNNAMED -configuration /home/runner/.cache/jdt-language-server/config -data /home/runner/.cache/jdt-language-server/data/home/runner/folha-de-pagamento

Host: AMD EPYC 7B12, 8 cores, 1G, Ubuntu 20.04.2 LTS
Time: Sun Apr 16 18:23:19 2023 UTC elapsed time: 1455.427463 seconds (0d 0h 24m 15s)

---------------  T H R E A D  ---------------

Current thread (0x00007f61100b21e0):  JavaThread "JVMCI-native CompilerThread0" daemon [_thread_in_vm, id=42, stack(0x00007f60f541a000,0x00007f60f561a000)]


Current CompileTask:
JVMCI-native:1455427 10496       4       java.lang.AbstractStringBuilder::getCoder (15 bytes)

Stack: [0x00007f60f541a000,0x00007f60f561a000],  sp=0x00007f60f5618380,  free space=2040k
Native frames: (J=compiled Java code, j=interpreted, Vv=VM code, C=native code)
V  [libjvm.so+0x972714]  JVMCIRuntime::fatal_exception(JVMCIEnv*, char const*)+0x74
V  [libjvm.so+0x93e2fe]  JVMCIEnv::copy_saved_properties()+0x14e
V  [libjvm.so+0x9732a9]  JVMCIRuntime::initialize(JVMCIEnv*)+0xb19
V  [libjvm.so+0x9738a2]  JVMCIRuntime::get_HotSpotJVMCIRuntime(JVMCIEnv*)+0x12
V  [libjvm.so+0x9749f2]  JVMCIRuntime::compile_method(JVMCIEnv*, JVMCICompiler*, methodHandle const&, int)+0xd2
V  [libjvm.so+0x5b0d20]  CompileBroker::invoke_compiler_on_method(CompileTask*)+0x1470
V  [libjvm.so+0x5b12e8]  CompileBroker::compiler_thread_loop()+0x528
V  [libjvm.so+0xd82460]  JavaThread::thread_main_inner()+0xd0
V  [libjvm.so+0xd85a40]  Thread::call_run()+0xc0
V  [libjvm.so+0xbdb1e1]  thread_native_entry(Thread*)+0xe1

Register to memory mapping:

RAX=0x00007f611511b000 points into unknown readable memory: 0x0000000000000058 | 58 00 00 00 00 00 00 00
RBX=0x00007f6116216398: <offset 0x0000000000ef5398> in /nix/store/gpxl5qgg8kicmcvivwmybwjlpf7wh20l-graalvm17-ce-22.3.0/lib/server/libjvm.so at 0x00007f6115321000
RCX=0x00007f61161ce1e8: <offset 0x0000000000ead1e8> in /nix/store/gpxl5qgg8kicmcvivwmybwjlpf7wh20l-graalvm17-ce-22.3.0/lib/server/libjvm.so at 0x00007f6115321000
RDX=0x0000000000000649 is an unknown value
RSP=0x00007f60f5618380 is pointing into the stack for thread: 0x00007f61100b21e0
RBP=0x00007f60f56183a0 is pointing into the stack for thread: 0x00007f61100b21e0
RSI=0x00007f6116216c48: <offset 0x0000000000ef5c48> in /nix/store/gpxl5qgg8kicmcvivwmybwjlpf7wh20l-graalvm17-ce-22.3.0/lib/server/libjvm.so at 0x00007f6115321000
RDI=0x00000000e0000000 is an oop: [B 
{0x00000000e0000000} - klass: {type array byte}
 - length: 30
R8 =0x00007f6116216398: <offset 0x0000000000ef5398> in /nix/store/gpxl5qgg8kicmcvivwmybwjlpf7wh20l-graalvm17-ce-22.3.0/lib/server/libjvm.so at 0x00007f6115321000
R9 =0x00007f60f5618330 is pointing into the stack for thread: 0x00007f61100b21e0
R10=0x00007f60f5619948 is pointing into the stack for thread: 0x00007f61100b21e0
R11=0x0000000000000293 is an unknown value
R12=0x0 is NULL
R13=0x00007f61100b21e0 is a thread
R14=0x00007f6110000b80 points into unknown readable memory: 0x00007f6116447a38 | 38 7a 44 16 61 7f 00 00
R15=0x00007f6116555e40: <offset 0x0000000001234e40> in /nix/store/gpxl5qgg8kicmcvivwmybwjlpf7wh20l-graalvm17-ce-22.3.0/lib/server/libjvm.so at 0x00007f6115321000


Registers:
RAX=0x00007f611511b000, RBX=0x00007f6116216398, RCX=0x00007f61161ce1e8, RDX=0x0000000000000649
RSP=0x00007f60f5618380, RBP=0x00007f60f56183a0, RSI=0x00007f6116216c48, RDI=0x00000000e0000000
R8 =0x00007f6116216398, R9 =0x00007f60f5618330, R10=0x00007f60f5619948, R11=0x0000000000000293
R12=0x0000000000000000, R13=0x00007f61100b21e0, R14=0x00007f6110000b80, R15=0x00007f6116555e40
RIP=0x00007f6115c93714, EFLAGS=0x0000000000010206, CSGSFS=0x002b000000000033, ERR=0x0000000000000006
  TRAPNO=0x000000000000000e

Top of Stack: (sp=0x00007f60f5618380)
0x00007f60f5618380:   00007f60f5618940 00007f61100b21e0
0x00007f60f5618390:   00007f6114aac8c8 0000000800c415a8
0x00007f60f56183a0:   00007f60f5618500 00007f6115c5f2fe
0x00007f60f56183b0:   00007f60f56183e0 00007f60f5618440 

Instructions: (pc=0x00007f6115c93714)
0x00007f6115c93614:   30 e8 f6 cf e8 ff 4c 89 e7 e8 2e 48 d1 ff 84 db
0x00007f6115c93624:   75 2a 4d 85 ed 74 04 4d 8b 6d 00 48 83 c4 08 44
0x00007f6115c93634:   89 f9 4c 89 f2 4c 89 ee 5b 4c 89 e7 41 5c 41 5d
0x00007f6115c93644:   41 5e 41 5f 5d e9 e2 47 d1 ff 66 90 48 83 c4 08
0x00007f6115c93654:   5b 41 5c 41 5d 41 5e 41 5f 5d c3 90 31 d2 be 08
0x00007f6115c93664:   00 00 00 4c 89 ff e8 b1 78 a3 ff 49 89 c5 e9 37
0x00007f6115c93674:   ff ff ff 66 0f 1f 84 00 00 00 00 00 48 8b 7a 08
0x00007f6115c93684:   e9 6d ff ff ff 0f 1f 80 00 00 00 00 e8 5b 48 0a
0x00007f6115c93694:   00 84 c0 75 89 e9 6a ff ff ff 66 90 55 48 89 e5
0x00007f6115c936a4:   41 56 41 55 41 54 49 89 fc 53 48 89 f3 66 48 8d
0x00007f6115c936b4:   3d 27 5e 85 00 66 66 48 e8 df 43 8d ff 4c 8b 28
0x00007f6115c936c4:   8b 05 be 72 8a 00 85 c0 75 14 ba 01 00 00 00 48
0x00007f6115c936d4:   8d 0d ae 72 8a 00 f0 0f b1 11 85 c0 74 4e be c8
0x00007f6115c936e4:   00 00 00 4c 89 ef e8 01 0b 41 00 48 8d 05 12 ac
0x00007f6115c936f4:   85 00 49 89 d8 48 8d 0d e8 aa 53 00 ba 49 06 00
0x00007f6115c93704:   00 48 8d 35 3c 35 58 00 bf 00 00 00 e0 48 8b 00
0x00007f6115c93714:   c6 00 58 31 c0 e8 e2 91 c6 ff 5b 41 5c 41 5d 41
0x00007f6115c93724:   5e 5d e9 55 34 26 00 0f 1f 44 00 00 48 8d 05 81
0x00007f6115c93734:   a3 8b 00 48 89 df 4c 8b 30 e8 9e 43 8d ff 48 89
0x00007f6115c93744:   de 48 89 c2 49 8b 06 4c 89 f7 ff 50 08 4c 89 f7
0x00007f6115c93754:   e8 a7 5c 27 00 4d 85 e4 74 12 be 01 00 00 00 4c
0x00007f6115c93764:   89 e7 e8 35 43 fc ff eb 82 0f 1f 00 be 01 00 00
0x00007f6115c93774:   00 4c 89 ef e8 d3 fd ff ff e9 6d ff ff ff 66 66
0x00007f6115c93784:   2e 0f 1f 84 00 00 00 00 00 0f 1f 00 55 48 89 e5
0x00007f6115c93794:   41 57 41 56 41 55 41 54 53 48 81 ec 08 02 00 00
0x00007f6115c937a4:   64 48 8b 04 25 28 00 00 00 48 89 45 c8 8b 07 83
0x00007f6115c937b4:   f8 02 0f 84 11 04 00 00 4c 8b 6f 18 49 89 ff 49
0x00007f6115c937c4:   89 f4 4d 85 ed 74 14 4c 89 ef e8 5d 57 22 00 41
0x00007f6115c937d4:   8b 07 83 f8 02 0f 84 19 04 00 00 48 8d 1d 9a 06
0x00007f6115c937e4:   8a 00 4c 8d 35 0b 3c 58 00 eb 38 90 48 85 d2 7f
0x00007f6115c937f4:   0d 48 8d 05 b4 c0 85 00 48 83 38 00 7e 0e 41 8b
0x00007f6115c93804:   77 2c 4c 89 f7 31 c0 e8 a0 b2 f7 ff 49 8b 7f 18 


Stack slot to memory mapping:
stack at sp + 0 slots: 0x00007f60f5618940 is pointing into the stack for thread: 0x00007f61100b21e0
stack at sp + 1 slots: 0x00007f61100b21e0 is a thread
stack at sp + 2 slots: 0x00007f6114aac8c8 points into unknown readable memory: 0x6573001880c9ffff | ff ff c9 80 18 00 73 65
stack at sp + 3 slots: 0x0000000800c415a8 is a pointer to class: 
jdk.vm.ci.services.Services {0x0000000800c415a8}
 - instance size:     2
 - klass size:        65
 - access:            public final synchronized 
 - state:             fully_initialized
 - name:              'jdk/vm/ci/services/Services'
 - super:             'java/lang/Object'
 - sub:               
 - arrays:            NULL
 - methods:           Array<T>(0x00007f60f5c3fc28)
 - method ordering:   Array<T>(0x0000000800928960)
 - default_methods:   Array<T>(0x0000000000000000)
 - local interfaces:  Array<T>(0x00000008005ce810)
 - trans. interfaces: Array<T>(0x00000008005ce810)
 - constants:         constant pool [427] {0x00007f60f5c3ed08} for 'jdk/vm/ci/services/Services' cache=0x00007f60f5c40ef8
 - class loader data:  loader data: 0x00007f61100283f0 of 'bootstrap'
 - source file:       'Services.java'
 - class annotations:       Array<T>(0x0000000000000000)
 - class type annotations:  Array<T>(0x0000000000000000)
 - field annotations:       Array<T>(0x0000000000000000)
 - field type annotations:  Array<T>(0x0000000000000000)
 - inner classes:     Array<T>(0x00007f60f5c40ec8)
 - nest members:     Array<T>(0x00007f60f5c40ee8)
 - permitted subclasses:     Array<T>(0x00000008005ce7a0)
 - java mirror:       a 'java/lang/Class'{0x00000000e017b380} = 'jdk/vm/ci/services/Services'
 - vtable length      5  (start addr: 0x0000000800c41778)
 - itable length      2 (start addr: 0x0000000800c417a0)
 - ---- static fields (3 words):
 - public static final 'IS_BUILDING_NATIVE_IMAGE' 'Z' @128 
 - public static final 'IS_IN_NATIVE_IMAGE' 'Z' @129 
 - private static volatile 'savedProperties' 'Ljava/util/Map;' @112 
 - static final 'JVMCI_ENABLED' 'Z' @130 
 - private static final 'servicesCache' 'Ljava/util/Map;' @116 
 - private static final 'MAX_UNICODE_IN_UTF8_LENGTH' 'I' @120 
 - private static final 'MAX_UTF8_PROPERTY_STRING_LENGTH' 'I' @124 
 - ---- non-static fields (0 words):
 - non-static oop maps: 
stack at sp + 4 slots: 0x00007f60f5618500 is pointing into the stack for thread: 0x00007f61100b21e0
stack at sp + 5 slots: 0x00007f6115c5f2fe: <offset 0x000000000093e2fe> in /nix/store/gpxl5qgg8kicmcvivwmybwjlpf7wh20l-graalvm17-ce-22.3.0/lib/server/libjvm.so at 0x00007f6115321000
stack at sp + 6 slots: 0x00007f60f56183e0 is pointing into the stack for thread: 0x00007f61100b21e0
stack at sp + 7 slots: 0x00007f60f5618440 is pointing into the stack for thread: 0x00007f61100b21e0


---------------  P R O C E S S  ---------------

Threads class SMR info:
_java_thread_list=0x00007f6058001ea0, length=35, elements={
0x00007f6110026690, 0x00007f61100a64d0, 0x00007f61100a7910, 0x00007f61100ae050,
0x00007f61100af400, 0x00007f61100b07f0, 0x00007f61100b21e0, 0x00007f61100b36f0,
0x00007f61100b4b40, 0x00007f61100dfac0, 0x00007f6110128760, 0x00007f611031b9b0,
0x00007f611034ee10, 0x00007f6110351790, 0x00007f6110601e40, 0x00007f60a4016e20,
0x00007f60a42a2600, 0x00007f60980076c0, 0x00007f60a45efda0, 0x00007f61104ce390,
0x00007f61104b2d90, 0x00007f6090050710, 0x00007f60800d69e0, 0x00007f60800dad80,
0x00007f60801a07e0, 0x00007f60800d97d0, 0x00007f60800da230, 0x00007f608019e990,
0x00007f6048001d00, 0x00007f60800dccc0, 0x00007f608004f590, 0x00007f608004fe00,
0x00007f6080050930, 0x00007f60800dd870, 0x00007f6080051e40
}

Java Threads: ( => current thread )
  0x00007f6110026690 JavaThread "main" [_thread_blocked, id=34, stack(0x00007f611513c000,0x00007f611523c000)]
  0x00007f61100a64d0 JavaThread "Reference Handler" daemon [_thread_blocked, id=37, stack(0x00007f6114153000,0x00007f6114253000)]
  0x00007f61100a7910 JavaThread "Finalizer" daemon [_thread_blocked, id=38, stack(0x00007f6114053000,0x00007f6114153000)]
  0x00007f61100ae050 JavaThread "Signal Dispatcher" daemon [_thread_blocked, id=39, stack(0x00007f60f581a000,0x00007f60f591a000)]
  0x00007f61100af400 JavaThread "Service Thread" daemon [_thread_blocked, id=40, stack(0x00007f60f571a000,0x00007f60f581a000)]
  0x00007f61100b07f0 JavaThread "Monitor Deflation Thread" daemon [_thread_blocked, id=41, stack(0x00007f60f561a000,0x00007f60f571a000)]
=>0x00007f61100b21e0 JavaThread "JVMCI-native CompilerThread0" daemon [_thread_in_vm, id=42, stack(0x00007f60f541a000,0x00007f60f561a000)]
  0x00007f61100b36f0 JavaThread "C1 CompilerThread0" daemon [_thread_blocked, id=43, stack(0x00007f60f521a000,0x00007f60f541a000)]
  0x00007f61100b4b40 JavaThread "Sweeper thread" daemon [_thread_blocked, id=44, stack(0x00007f60f511a000,0x00007f60f521a000)]
  0x00007f61100dfac0 JavaThread "Common-Cleaner" daemon [_thread_blocked, id=45, stack(0x00007f60f501a000,0x00007f60f511a000)]
  0x00007f6110128760 JavaThread "Notification Thread" daemon [_thread_blocked, id=46, stack(0x00007f60f4f1a000,0x00007f60f501a000)]
  0x00007f611031b9b0 JavaThread "Active Thread: Equinox Container: 93d9676a-bf2e-4dde-82bc-649467d64d6c" [_thread_blocked, id=60, stack(0x00007f60f4c00000,0x00007f60f4d00000)]
  0x00007f611034ee10 JavaThread "Framework Event Dispatcher: Equinox Container: 93d9676a-bf2e-4dde-82bc-649467d64d6c" daemon [_thread_blocked, id=61, stack(0x00007f60f4a00000,0x00007f60f4b00000)]
  0x00007f6110351790 JavaThread "Start Level: Equinox Container: 93d9676a-bf2e-4dde-82bc-649467d64d6c" daemon [_thread_blocked, id=62, stack(0x00007f60f4800000,0x00007f60f4900000)]
  0x00007f6110601e40 JavaThread "Refresh Thread: Equinox Container: 93d9676a-bf2e-4dde-82bc-649467d64d6c" daemon [_thread_blocked, id=69, stack(0x00007f60f4600000,0x00007f60f4700000)]
  0x00007f60a4016e20 JavaThread "SCR Component Actor" daemon [_thread_blocked, id=72, stack(0x00007f60f4400000,0x00007f60f4500000)]
  0x00007f60a42a2600 JavaThread "Worker-JM" [_thread_blocked, id=82, stack(0x00007f60f4000000,0x00007f60f4100000)]
  0x00007f60980076c0 JavaThread "Worker-2" [_thread_blocked, id=86, stack(0x00007f60bc300000,0x00007f60bc400000)]
  0x00007f60a45efda0 JavaThread "Bundle File Closer" daemon [_thread_blocked, id=121, stack(0x00007f60bc100000,0x00007f60bc200000)]
  0x00007f61104ce390 JavaThread "pool-3-thread-1" [_thread_blocked, id=129, stack(0x00007f60f4200000,0x00007f60f4300000)]
  0x00007f61104b2d90 JavaThread "pool-2-thread-1" [_thread_blocked, id=131, stack(0x00007f60bbf00000,0x00007f60bc000000)]
  0x00007f6090050710 JavaThread "Java indexing" daemon [_thread_blocked, id=1334, stack(0x00007f60bdb00000,0x00007f60bdc00000)]
  0x00007f60800d69e0 JavaThread "Thread-19" [_thread_blocked, id=1364, stack(0x00007f60f4100000,0x00007f60f4200000)]
  0x00007f60800dad80 JavaThread "Thread-32" [_thread_blocked, id=2197, stack(0x00007f60f4700000,0x00007f60f4800000)]
  0x00007f60801a07e0 JavaThread "Thread-33" [_thread_blocked, id=2198, stack(0x00007f60bc700000,0x00007f60bc800000)]
  0x00007f60800d97d0 JavaThread "Thread-34" [_thread_blocked, id=2220, stack(0x00007f60f4b00000,0x00007f60f4c00000)]
  0x00007f60800da230 JavaThread "Thread-35" [_thread_blocked, id=2225, stack(0x00007f60bc900000,0x00007f60bca00000)]
  0x00007f608019e990 JavaThread "Thread-36" [_thread_blocked, id=2270, stack(0x00007f60f4900000,0x00007f60f4a00000)]
  0x00007f6048001d00 JavaThread "Worker-10: Publish Diagnostics" [_thread_blocked, id=2284, stack(0x00007f60bbd00000,0x00007f60bbe00000)]
  0x00007f60800dccc0 JavaThread "Thread-37" [_thread_blocked, id=2289, stack(0x00007f60bba00000,0x00007f60bbb00000)]
  0x00007f608004f590 JavaThread "Thread-39" [_thread_blocked, id=2329, stack(0x00007f60bb700000,0x00007f60bb800000)]
  0x00007f608004fe00 JavaThread "Thread-40" [_thread_blocked, id=2345, stack(0x00007f60bc500000,0x00007f60bc600000)]
  0x00007f6080050930 JavaThread "Thread-41" [_thread_blocked, id=2346, stack(0x00007f60bda00000,0x00007f60bdb00000)]
  0x00007f60800dd870 JavaThread "Thread-42" [_thread_blocked, id=2403, stack(0x00007f60bb900000,0x00007f60bba00000)]
  0x00007f6080051e40 JavaThread "Thread-43" [_thread_blocked, id=2883, stack(0x00007f60f4500000,0x00007f60f4600000)]

Other Threads:
  0x00007f61100a1c10 VMThread "VM Thread" [stack: 0x00007f6114255000,0x00007f6114355000] [id=36] _threads_hazard_ptr=0x00007f6058001ea0
  0x00007f611012a100 WatcherThread [stack: 0x00007f60f4e1a000,0x00007f60f4f1a000] [id=47]
  0x00007f611003df30 GCTaskThread "GC Thread#0" [stack: 0x00007f6114cff000,0x00007f6114dff000] [id=35]

Threads with active compile tasks:
JVMCI-native CompilerThread0  1455450 10496       4       java.lang.AbstractStringBuilder::getCoder (15 bytes)

VM state: synchronizing (normal execution)

VM Mutex/Monitor currently owned by a thread:  ([mutex/lock_event])
[0x00007f6110023840] Threads_lock - owner thread: 0x00007f61100a1c10
[0x00007f6110023ff0] Heap_lock - owner thread: 0x00007f6090050710

OutOfMemory and StackOverflow Exception counts:
OutOfMemoryError java_heap_errors=24
LinkageErrors=66

Heap address: 0x00000000e0000000, size: 512 MB, Compressed Oops mode: 32-bit

CDS archive(s) mapped at: [0x0000000800000000-0x0000000800bc8000-0x0000000800bc8000), size 12353536, SharedBaseAddress: 0x0000000800000000, ArchiveRelocationMode: 0.
Compressed class space mapped at: 0x0000000800c00000-0x0000000840c00000, reserved size: 1073741824
Narrow klass base: 0x0000000800000000, Narrow klass shift: 0, Narrow klass range: 0x100000000

GC Precious Log:
 CPUs: 8 total, 1 available
 Memory: 1024M
 Large Page Support: Disabled
 NUMA Support: Disabled
 Compressed Oops: Enabled (32-bit)
 Alignments: Space 512K, Generation 512K, Heap 2M
 Heap Min Capacity: 100M
 Heap Initial Capacity: 100M
 Heap Max Capacity: 512M
 Pre-touch: Disabled
 Parallel Workers: 1

Heap:
 PSYoungGen      total 48128K, used 34303K [0x00000000f5580000, 0x00000000f9b00000, 0x0000000100000000)
  eden space 34304K, 99% used [0x00000000f5580000,0x00000000f76ffff8,0x00000000f7700000)
  from space 13824K, 0% used [0x00000000f8d80000,0x00000000f8d80000,0x00000000f9b00000)
  to   space 17920K, 0% used [0x00000000f7980000,0x00000000f7980000,0x00000000f8b00000)
 ParOldGen       total 349696K, used 349695K [0x00000000e0000000, 0x00000000f5580000, 0x00000000f5580000)
  object space 349696K, 99% used [0x00000000e0000000,0x00000000f557ffe8,0x00000000f5580000)
 Metaspace       used 64908K, committed 65920K, reserved 1114112K
  class space    used 6428K, committed 6848K, reserved 1048576K

Card table byte_map: [0x00007f6114dff000,0x00007f6114f00000] _byte_map_base: 0x00007f61146ff000

Marking Bits: (ParMarkBitMap*) 0x00007f611654f4c0
 Begin Bits: [0x00007f60f64b3000, 0x00007f60f6cb3000)
 End Bits:   [0x00007f60f6cb3000, 0x00007f60f74b3000)

Polling page: 0x00007f6115119000

Metaspace:

Usage:
  Non-class:     57.11 MB used.
      Class:      6.28 MB used.
       Both:     63.39 MB used.

Virtual space:
  Non-class space:       64.00 MB reserved,      57.69 MB ( 90%) committed,  8 nodes.
      Class space:        1.00 GB reserved,       6.69 MB ( <1%) committed,  1 nodes.
             Both:        1.06 GB reserved,      64.38 MB (  6%) committed. 

Chunk freelists:
   Non-Class:  1.85 MB
       Class:  1.33 MB
        Both:  3.18 MB

MaxMetaspaceSize: unlimited
CompressedClassSpaceSize: 1.00 GB
Initial GC threshold: 21.00 MB
Current GC threshold: 107.12 MB
CDS: on
MetaspaceReclaimPolicy: balanced
 - commit_granule_bytes: 65536.
 - commit_granule_words: 8192.
 - virtual_space_node_default_size: 1048576.
 - enlarge_chunks_in_place: 1.
 - new_chunks_are_fully_committed: 0.
 - uncommit_free_chunks: 1.
 - use_allocation_guard: 0.
 - handle_deallocations: 1.


Internal statistics:

num_allocs_failed_limit: 6.
num_arena_births: 532.
num_arena_deaths: 166.
num_vsnodes_births: 9.
num_vsnodes_deaths: 0.
num_space_committed: 1029.
num_space_uncommitted: 0.
num_chunks_returned_to_freelist: 229.
num_chunks_taken_from_freelist: 3159.
num_chunk_merges: 90.
num_chunk_splits: 2019.
num_chunks_enlarged: 1273.
num_purges: 36.
num_inconsistent_stats: 0.

CodeHeap 'non-profiled nmethods': size=120036Kb used=2887Kb max_used=3152Kb free=117148Kb
 bounds [0x00007f60fef7a000, 0x00007f60ff29a000, 0x00007f61064b3000]
CodeHeap 'profiled nmethods': size=120032Kb used=14809Kb max_used=17123Kb free=105222Kb
 bounds [0x00007f60f7a42000, 0x00007f60f8b02000, 0x00007f60fef7a000]
CodeHeap 'non-nmethods': size=5692Kb used=1429Kb max_used=1430Kb free=4262Kb
 bounds [0x00007f60f74b3000, 0x00007f60f7723000, 0x00007f60f7a42000]
 total_blobs=7904 nmethods=7127 adapters=641
 compilation: enabled
              stopped_count=0, restarted_count=0
 full_count=0

JVMCI Events (20 events):
Event: 1250.169 Thread 0x00007f61100b21e0 destroyed JavaVM[11]@0x00007f60bb19e340 for JVMCI runtime 0
Event: 1250.169 Thread 0x00007f61100b21e0 compacted oop handles in JVMCI runtime 0 from 55 to 55
Event: 1250.169 Thread 0x00007f61100b21e0 releasing handles for JVMCI runtime 0: oop handles=55, metadata handles={total=96, live=82, blocks=38}
Event: 1250.169 Thread 0x00007f61100b21e0 detached from JVMCI runtime 0
Event: 1348.459 Thread 0x00007f61100b21e0 attached to JVMCI runtime 0
Event: 1348.516 Thread 0x00007f61100b21e0 created JavaVM[12]@0x00007f60bb19e340 for JVMCI runtime 0
Event: 1349.932 Thread 0x00007f61100b21e0 initializing JVMCI runtime 0
Event: 1349.932 Thread 0x00007f61100b21e0 done waiting for JavaVM references initialization in JVMCI runtime 0
Event: 1376.243 Thread 0x00007f61100b21e0 initialized JVMCI runtime 0
Event: 1377.647 Thread 0x00007f61100b21e0 detaching from JVMCI runtime 0: releasing idle compiler thread (0 other threads still attached)
Event: 1377.647 Thread 0x00007f61100b21e0 shutting down HotSpotJVMCIRuntime for JVMCI runtime 0
Event: 1377.648 Thread 0x00007f61100b21e0 shut down JVMCI runtime 0
Event: 1379.028 Thread 0x00007f61100b21e0 destroyed JavaVM[12]@0x00007f60bb19e340 for JVMCI runtime 0
Event: 1379.028 Thread 0x00007f61100b21e0 compacted oop handles in JVMCI runtime 0 from 44 to 44
Event: 1379.028 Thread 0x00007f61100b21e0 releasing handles for JVMCI runtime 0: oop handles=44, metadata handles={total=88, live=77, blocks=38}
Event: 1379.028 Thread 0x00007f61100b21e0 detached from JVMCI runtime 0
Event: 1407.931 Thread 0x00007f61100b21e0 attached to JVMCI runtime 0
Event: 1407.933 Thread 0x00007f61100b21e0 created JavaVM[13]@0x00007f60bb19e340 for JVMCI runtime 0
Event: 1407.933 Thread 0x00007f61100b21e0 initializing JVMCI runtime 0
Event: 1407.933 Thread 0x00007f61100b21e0 done waiting for JavaVM references initialization in JVMCI runtime 0

Compilation events (20 events):
Event: 1322.464 Thread 0x00007f61100b36f0 nmethod 10482 0x00007f60f8696190 code [0x00007f60f8696440, 0x00007f60f8698260]
Event: 1327.746 Thread 0x00007f61100b36f0 10487       3       org.eclipse.jdt.internal.core.ClasspathEntry::getExtraAttribute (54 bytes)
Event: 1327.746 Thread 0x00007f61100b36f0 nmethod 10487 0x00007f60f7d61a10 code [0x00007f60f7d61be0, 0x00007f60f7d61fa0]
Event: 1327.746 Thread 0x00007f61100b36f0 10488       3       org.eclipse.jdt.internal.compiler.impl.IrritantSet::<init> (17 bytes)
Event: 1327.747 Thread 0x00007f61100b36f0 nmethod 10488 0x00007f60f8100010 code [0x00007f60f81001c0, 0x00007f60f8100420]
Event: 1327.747 Thread 0x00007f61100b36f0 10489       3       org.eclipse.jdt.internal.compiler.impl.IrritantSet::initialize (24 bytes)
Event: 1327.747 Thread 0x00007f61100b36f0 nmethod 10489 0x00007f60f83f8490 code [0x00007f60f83f8640, 0x00007f60f83f8900]
Event: 1338.266 Thread 0x00007f61100b36f0 10490       3       org.eclipse.jdt.internal.corext.dom.ASTNodes$4::visitNode (15 bytes)
Event: 1339.741 Thread 0x00007f61100b36f0 nmethod 10490 0x00007f60f7c5dc10 code [0x00007f60f7c5ddc0, 0x00007f60f7c5df80]
Event: 1348.459 Thread 0x00007f61100b21e0 10491       4       org.eclipse.core.runtime.ProgressMonitorWrapper::isCanceled (10 bytes)
Event: 1376.247 Thread 0x00007f61100b36f0 10492       3       java.util.regex.Pattern::newCharProperty (39 bytes)
Event: 1376.248 Thread 0x00007f61100b36f0 nmethod 10492 0x00007f60f7c99890 code [0x00007f60f7c99aa0, 0x00007f60f7c9a530]
Event: 1376.251 Thread 0x00007f61100b21e0 nmethod 10491 0x00007f60fef92690 code [0x00007f60fef92800, 0x00007f60fef92870]
Event: 1390.261 Thread 0x00007f61100b36f0 10493       3       org.eclipse.core.runtime.Platform::getOS (7 bytes)
Event: 1391.856 Thread 0x00007f61100b36f0 nmethod 10493 0x00007f60f7b29810 code [0x00007f60f7b29a20, 0x00007f60f7b2a0f0]
Event: 1407.931 Thread 0x00007f61100b21e0 10496       4       java.lang.AbstractStringBuilder::getCoder (15 bytes)
Event: 1445.357 Thread 0x00007f61100b36f0 10497       3       java.util.concurrent.locks.AbstractQueuedSynchronizer$Node::clearStatus (12 bytes)
Event: 1445.357 Thread 0x00007f61100b36f0 nmethod 10497 0x00007f60f7c99090 code [0x00007f60f7c99240, 0x00007f60f7c993a0]
Event: 1445.357 Thread 0x00007f61100b36f0 10498       3       jdk.internal.misc.Unsafe::putIntOpaque (9 bytes)
Event: 1445.357 Thread 0x00007f61100b36f0 nmethod 10498 0x00007f60f7b50f90 code [0x00007f60f7b51120, 0x00007f60f7b51230]

GC Heap History (20 events):
Event: 1436.450 GC heap before
{Heap before GC invocations=1049 (full 925):
 PSYoungGen      total 48128K, used 34304K [0x00000000f5580000, 0x00000000f9b00000, 0x0000000100000000)
  eden space 34304K, 100% used [0x00000000f5580000,0x00000000f7700000,0x00000000f7700000)
  from space 13824K, 0% used [0x00000000f8d80000,0x00000000f8d80000,0x00000000f9b00000)
  to   space 17920K, 0% used [0x00000000f7980000,0x00000000f7980000,0x00000000f8b00000)
 ParOldGen       total 349696K, used 349694K [0x00000000e0000000, 0x00000000f5580000, 0x00000000f5580000)
  object space 349696K, 99% used [0x00000000e0000000,0x00000000f557f968,0x00000000f5580000)
 Metaspace       used 64907K, committed 65920K, reserved 1114112K
  class space    used 6428K, committed 6848K, reserved 1048576K
}
Event: 1437.966 GC heap after
{Heap after GC invocations=1049 (full 925):
 PSYoungGen      total 52224K, used 34304K [0x00000000f5580000, 0x00000000f9b00000, 0x0000000100000000)
  eden space 34304K, 100% used [0x00000000f5580000,0x00000000f7700000,0x00000000f7700000)
  from space 17920K, 0% used [0x00000000f7980000,0x00000000f7980000,0x00000000f8b00000)
  to   space 13824K, 0% used [0x00000000f8d80000,0x00000000f8d80000,0x00000000f9b00000)
 ParOldGen       total 349696K, used 349694K [0x00000000e0000000, 0x00000000f5580000, 0x00000000f5580000)
  object space 349696K, 99% used [0x00000000e0000000,0x00000000f557f968,0x00000000f5580000)
 Metaspace       used 64907K, committed 65920K, reserved 1114112K
  class space    used 6428K, committed 6848K, reserved 1048576K
}
Event: 1437.967 GC heap before
{Heap before GC invocations=1050 (full 926):
 PSYoungGen      total 52224K, used 34304K [0x00000000f5580000, 0x00000000f9b00000, 0x0000000100000000)
  eden space 34304K, 100% used [0x00000000f5580000,0x00000000f7700000,0x00000000f7700000)
  from space 17920K, 0% used [0x00000000f7980000,0x00000000f7980000,0x00000000f8b00000)
  to   space 13824K, 0% used [0x00000000f8d80000,0x00000000f8d80000,0x00000000f9b00000)
 ParOldGen       total 349696K, used 349695K [0x00000000e0000000, 0x00000000f5580000, 0x00000000f5580000)
  object space 349696K, 99% used [0x00000000e0000000,0x00000000f557ffe8,0x00000000f5580000)
 Metaspace       used 64907K, committed 65920K, reserved 1114112K
  class space    used 6428K, committed 6848K, reserved 1048576K
}
Event: 1439.538 GC heap after
{Heap after GC invocations=1050 (full 926):
 PSYoungGen      total 48128K, used 34303K [0x00000000f5580000, 0x00000000f9b00000, 0x0000000100000000)
  eden space 34304K, 99% used [0x00000000f5580000,0x00000000f76fffe0,0x00000000f7700000)
  from space 13824K, 0% used [0x00000000f8d80000,0x00000000f8d80000,0x00000000f9b00000)
  to   space 17920K, 0% used [0x00000000f7980000,0x00000000f7980000,0x00000000f8b00000)
 ParOldGen       total 349696K, used 349695K [0x00000000e0000000, 0x00000000f5580000, 0x00000000f5580000)
  object space 349696K, 99% used [0x00000000e0000000,0x00000000f557fdd8,0x00000000f5580000)
 Metaspace       used 64907K, committed 65920K, reserved 1114112K
  class space    used 6428K, committed 6848K, reserved 1048576K
}
Event: 1439.543 GC heap before
{Heap before GC invocations=1051 (full 927):
 PSYoungGen      total 48128K, used 34304K [0x00000000f5580000, 0x00000000f9b00000, 0x0000000100000000)
  eden space 34304K, 100% used [0x00000000f5580000,0x00000000f7700000,0x00000000f7700000)
  from space 13824K, 0% used [0x00000000f8d80000,0x00000000f8d80000,0x00000000f9b00000)
  to   space 17920K, 0% used [0x00000000f7980000,0x00000000f7980000,0x00000000f8b00000)
 ParOldGen       total 349696K, used 349695K [0x00000000e0000000, 0x00000000f5580000, 0x00000000f5580000)
  object space 349696K, 99% used [0x00000000e0000000,0x00000000f557fdd8,0x00000000f5580000)
 Metaspace       used 64907K, committed 65920K, reserved 1114112K
  class space    used 6428K, committed 6848K, reserved 1048576K
}
Event: 1440.848 GC heap after
{Heap after GC invocations=1051 (full 927):
 PSYoungGen      total 52224K, used 34304K [0x00000000f5580000, 0x00000000f9b00000, 0x0000000100000000)
  eden space 34304K, 100% used [0x00000000f5580000,0x00000000f7700000,0x00000000f7700000)
  from space 17920K, 0% used [0x00000000f7980000,0x00000000f7980000,0x00000000f8b00000)
  to   space 13824K, 0% used [0x00000000f8d80000,0x00000000f8d80000,0x00000000f9b00000)
 ParOldGen       total 349696K, used 349695K [0x00000000e0000000, 0x00000000f5580000, 0x00000000f5580000)
  object space 349696K, 99% used [0x00000000e0000000,0x00000000f557fdd8,0x00000000f5580000)
 Metaspace       used 64907K, committed 65920K, reserved 1114112K
  class space    used 6428K, committed 6848K, reserved 1048576K
}
Event: 1440.851 GC heap before
{Heap before GC invocations=1052 (full 928):
 PSYoungGen      total 52224K, used 34304K [0x00000000f5580000, 0x00000000f9b00000, 0x0000000100000000)
  eden space 34304K, 100% used [0x00000000f5580000,0x00000000f7700000,0x00000000f7700000)
  from space 17920K, 0% used [0x00000000f7980000,0x00000000f7980000,0x00000000f8b00000)
  to   space 13824K, 0% used [0x00000000f8d80000,0x00000000f8d80000,0x00000000f9b00000)
 ParOldGen       total 349696K, used 349695K [0x00000000e0000000, 0x00000000f5580000, 0x00000000f5580000)
  object space 349696K, 99% used [0x00000000e0000000,0x00000000f557ff90,0x00000000f5580000)
 Metaspace       used 64907K, committed 65920K, reserved 1114112K
  class space    used 6428K, committed 6848K, reserved 1048576K
}
Event: 1442.256 GC heap after
{Heap after GC invocations=1052 (full 928):
 PSYoungGen      total 48128K, used 34304K [0x00000000f5580000, 0x00000000f9b00000, 0x0000000100000000)
  eden space 34304K, 100% used [0x00000000f5580000,0x00000000f7700000,0x00000000f7700000)
  from space 13824K, 0% used [0x00000000f8d80000,0x00000000f8d80000,0x00000000f9b00000)
  to   space 17920K, 0% used [0x00000000f7980000,0x00000000f7980000,0x00000000f8b00000)
 ParOldGen       total 349696K, used 349695K [0x00000000e0000000, 0x00000000f5580000, 0x00000000f5580000)
  object space 349696K, 99% used [0x00000000e0000000,0x00000000f557fe30,0x00000000f5580000)
 Metaspace       used 64907K, committed 65920K, reserved 1114112K
  class space    used 6428K, committed 6848K, reserved 1048576K
}
Event: 1442.257 GC heap before
{Heap before GC invocations=1053 (full 929):
 PSYoungGen      total 48128K, used 34304K [0x00000000f5580000, 0x00000000f9b00000, 0x0000000100000000)
  eden space 34304K, 100% used [0x00000000f5580000,0x00000000f7700000,0x00000000f7700000)
  from space 13824K, 0% used [0x00000000f8d80000,0x00000000f8d80000,0x00000000f9b00000)
  to   space 17920K, 0% used [0x00000000f7980000,0x00000000f7980000,0x00000000f8b00000)
 ParOldGen       total 349696K, used 349695K [0x00000000e0000000, 0x00000000f5580000, 0x00000000f5580000)
  object space 349696K, 99% used [0x00000000e0000000,0x00000000f557ffe8,0x00000000f5580000)
 Metaspace       used 64907K, committed 65920K, reserved 1114112K
  class space    used 6428K, committed 6848K, reserved 1048576K
}
Event: 1445.357 GC heap after
{Heap after GC invocations=1053 (full 929):
 PSYoungGen      total 52224K, used 34304K [0x00000000f5580000, 0x00000000f9b00000, 0x0000000100000000)
  eden space 34304K, 100% used [0x00000000f5580000,0x00000000f7700000,0x00000000f7700000)
  from space 17920K, 0% used [0x00000000f7980000,0x00000000f7980000,0x00000000f8b00000)
  to   space 13824K, 0% used [0x00000000f8d80000,0x00000000f8d80000,0x00000000f9b00000)
 ParOldGen       total 349696K, used 349695K [0x00000000e0000000, 0x00000000f5580000, 0x00000000f5580000)
  object space 349696K, 99% used [0x00000000e0000000,0x00000000f557fe60,0x00000000f5580000)
 Metaspace       used 64907K, committed 65920K, reserved 1114112K
  class space    used 6428K, committed 6848K, reserved 1048576K
}
Event: 1445.418 GC heap before
{Heap before GC invocations=1054 (full 930):
 PSYoungGen      total 52224K, used 34304K [0x00000000f5580000, 0x00000000f9b00000, 0x0000000100000000)
  eden space 34304K, 100% used [0x00000000f5580000,0x00000000f7700000,0x00000000f7700000)
  from space 17920K, 0% used [0x00000000f7980000,0x00000000f7980000,0x00000000f8b00000)
  to   space 13824K, 0% used [0x00000000f8d80000,0x00000000f8d80000,0x00000000f9b00000)
 ParOldGen       total 349696K, used 349695K [0x00000000e0000000, 0x00000000f5580000, 0x00000000f5580000)
  object space 349696K, 99% used [0x00000000e0000000,0x00000000f557ffd8,0x00000000f5580000)
 Metaspace       used 64908K, committed 65920K, reserved 1114112K
  class space    used 6428K, committed 6848K, reserved 1048576K
}
Event: 1450.029 GC heap after
{Heap after GC invocations=1054 (full 930):
 PSYoungGen      total 48128K, used 34303K [0x00000000f5580000, 0x00000000f9b00000, 0x0000000100000000)
  eden space 34304K, 99% used [0x00000000f5580000,0x00000000f76fffc0,0x00000000f7700000)
  from space 13824K, 0% used [0x00000000f8d80000,0x00000000f8d80000,0x00000000f9b00000)
  to   space 17920K, 0% used [0x00000000f7980000,0x00000000f7980000,0x00000000f8b00000)
 ParOldGen       total 349696K, used 349695K [0x00000000e0000000, 0x00000000f5580000, 0x00000000f5580000)
  object space 349696K, 99% used [0x00000000e0000000,0x00000000f557fea8,0x00000000f5580000)
 Metaspace       used 64908K, committed 65920K, reserved 1114112K
  class space    used 6428K, committed 6848K, reserved 1048576K
}
Event: 1450.029 GC heap before
{Heap before GC invocations=1055 (full 931):
 PSYoungGen      total 48128K, used 34304K [0x00000000f5580000, 0x00000000f9b00000, 0x0000000100000000)
  eden space 34304K, 100% used [0x00000000f5580000,0x00000000f7700000,0x00000000f7700000)
  from space 13824K, 0% used [0x00000000f8d80000,0x00000000f8d80000,0x00000000f9b00000)
  to   space 17920K, 0% used [0x00000000f7980000,0x00000000f7980000,0x00000000f8b00000)
 ParOldGen       total 349696K, used 349695K [0x00000000e0000000, 0x00000000f5580000, 0x00000000f5580000)
  object space 349696K, 99% used [0x00000000e0000000,0x00000000f557fea8,0x00000000f5580000)
 Metaspace       used 64908K, committed 65920K, reserved 1114112K
  class space    used 6428K, committed 6848K, reserved 1048576K
}
Event: 1451.355 GC heap after
{Heap after GC invocations=1055 (full 931):
 PSYoungGen      total 52224K, used 34304K [0x00000000f5580000, 0x00000000f9b00000, 0x0000000100000000)
  eden space 34304K, 100% used [0x00000000f5580000,0x00000000f7700000,0x00000000f7700000)
  from space 17920K, 0% used [0x00000000f7980000,0x00000000f7980000,0x00000000f8b00000)
  to   space 13824K, 0% used [0x00000000f8d80000,0x00000000f8d80000,0x00000000f9b00000)
 ParOldGen       total 349696K, used 349695K [0x00000000e0000000, 0x00000000f5580000, 0x00000000f5580000)
  object space 349696K, 99% used [0x00000000e0000000,0x00000000f557fe68,0x00000000f5580000)
 Metaspace       used 64908K, committed 65920K, reserved 1114112K
  class space    used 6428K, committed 6848K, reserved 1048576K
}
Event: 1451.355 GC heap before
{Heap before GC invocations=1056 (full 932):
 PSYoungGen      total 52224K, used 34304K [0x00000000f5580000, 0x00000000f9b00000, 0x0000000100000000)
  eden space 34304K, 100% used [0x00000000f5580000,0x00000000f7700000,0x00000000f7700000)
  from space 17920K, 0% used [0x00000000f7980000,0x00000000f7980000,0x00000000f8b00000)
  to   space 13824K, 0% used [0x00000000f8d80000,0x00000000f8d80000,0x00000000f9b00000)
 ParOldGen       total 349696K, used 349696K [0x00000000e0000000, 0x00000000f5580000, 0x00000000f5580000)
  object space 349696K, 100% used [0x00000000e0000000,0x00000000f5580000,0x00000000f5580000)
 Metaspace       used 64908K, committed 65920K, reserved 1114112K
  class space    used 6428K, committed 6848K, reserved 1048576K
}
Event: 1452.779 GC heap after
{Heap after GC invocations=1056 (full 932):
 PSYoungGen      total 48128K, used 34303K [0x00000000f5580000, 0x00000000f9b00000, 0x0000000100000000)
  eden space 34304K, 99% used [0x00000000f5580000,0x00000000f76fffc0,0x00000000f7700000)
  from space 13824K, 0% used [0x00000000f8d80000,0x00000000f8d80000,0x00000000f9b00000)
  to   space 17920K, 0% used [0x00000000f7980000,0x00000000f7980000,0x00000000f8b00000)
 ParOldGen       total 349696K, used 349695K [0x00000000e0000000, 0x00000000f5580000, 0x00000000f5580000)
  object space 349696K, 99% used [0x00000000e0000000,0x00000000f557ff30,0x00000000f5580000)
 Metaspace       used 64908K, committed 65920K, reserved 1114112K
  class space    used 6428K, committed 6848K, reserved 1048576K
}
Event: 1452.779 GC heap before
{Heap before GC invocations=1057 (full 933):
 PSYoungGen      total 48128K, used 34303K [0x00000000f5580000, 0x00000000f9b00000, 0x0000000100000000)
  eden space 34304K, 99% used [0x00000000f5580000,0x00000000f76fffe8,0x00000000f7700000)
  from space 13824K, 0% used [0x00000000f8d80000,0x00000000f8d80000,0x00000000f9b00000)
  to   space 17920K, 0% used [0x00000000f7980000,0x00000000f7980000,0x00000000f8b00000)
 ParOldGen       total 349696K, used 349695K [0x00000000e0000000, 0x00000000f5580000, 0x00000000f5580000)
  object space 349696K, 99% used [0x00000000e0000000,0x00000000f557ff30,0x00000000f5580000)
 Metaspace       used 64908K, committed 65920K, reserved 1114112K
  class space    used 6428K, committed 6848K, reserved 1048576K
}
Event: 1454.063 GC heap after
{Heap after GC invocations=1057 (full 933):
 PSYoungGen      total 52224K, used 34303K [0x00000000f5580000, 0x00000000f9b00000, 0x0000000100000000)
  eden space 34304K, 99% used [0x00000000f5580000,0x00000000f76fffd8,0x00000000f7700000)
  from space 17920K, 0% used [0x00000000f7980000,0x00000000f7980000,0x00000000f8b00000)
  to   space 13824K, 0% used [0x00000000f8d80000,0x00000000f8d80000,0x00000000f9b00000)
 ParOldGen       total 349696K, used 349695K [0x00000000e0000000, 0x00000000f5580000, 0x00000000f5580000)
  object space 349696K, 99% used [0x00000000e0000000,0x00000000f557ff30,0x00000000f5580000)
 Metaspace       used 64908K, committed 65920K, reserved 1114112K
  class space    used 6428K, committed 6848K, reserved 1048576K
}
Event: 1454.063 GC heap before
{Heap before GC invocations=1058 (full 934):
 PSYoungGen      total 52224K, used 34303K [0x00000000f5580000, 0x00000000f9b00000, 0x0000000100000000)
  eden space 34304K, 99% used [0x00000000f5580000,0x00000000f76fffd8,0x00000000f7700000)
  from space 17920K, 0% used [0x00000000f7980000,0x00000000f7980000,0x00000000f8b00000)
  to   space 13824K, 0% used [0x00000000f8d80000,0x00000000f8d80000,0x00000000f9b00000)
 ParOldGen       total 349696K, used 349695K [0x00000000e0000000, 0x00000000f5580000, 0x00000000f5580000)
  object space 349696K, 99% used [0x00000000e0000000,0x00000000f557ff30,0x00000000f5580000)
 Metaspace       used 64908K, committed 65920K, reserved 1114112K
  class space    used 6428K, committed 6848K, reserved 1048576K
}
Event: 1455.368 GC heap after
{Heap after GC invocations=1058 (full 934):
 PSYoungGen      total 48128K, used 34303K [0x00000000f5580000, 0x00000000f9b00000, 0x0000000100000000)
  eden space 34304K, 99% used [0x00000000f5580000,0x00000000f76fffd8,0x00000000f7700000)
  from space 13824K, 0% used [0x00000000f8d80000,0x00000000f8d80000,0x00000000f9b00000)
  to   space 17920K, 0% used [0x00000000f7980000,0x00000000f7980000,0x00000000f8b00000)
 ParOldGen       total 349696K, used 349695K [0x00000000e0000000, 0x00000000f5580000, 0x00000000f5580000)
  object space 349696K, 99% used [0x00000000e0000000,0x00000000f557ff30,0x00000000f5580000)
 Metaspace       used 64908K, committed 65920K, reserved 1114112K
  class space    used 6428K, committed 6848K, reserved 1048576K
}

Dll operation events (9 events):
Event: 0.002 Loaded shared library /nix/store/gpxl5qgg8kicmcvivwmybwjlpf7wh20l-graalvm17-ce-22.3.0/lib/libjava.so
Event: 0.008 Loaded shared library /nix/store/gpxl5qgg8kicmcvivwmybwjlpf7wh20l-graalvm17-ce-22.3.0/lib/libjsvml.so
Event: 0.219 Loaded shared library /nix/store/gpxl5qgg8kicmcvivwmybwjlpf7wh20l-graalvm17-ce-22.3.0/lib/libnio.so
Event: 0.230 Loaded shared library /nix/store/gpxl5qgg8kicmcvivwmybwjlpf7wh20l-graalvm17-ce-22.3.0/lib/libjvmcicompiler.so
Event: 0.243 Loaded shared library /nix/store/gpxl5qgg8kicmcvivwmybwjlpf7wh20l-graalvm17-ce-22.3.0/lib/libzip.so
Event: 0.632 Loaded shared library /nix/store/gpxl5qgg8kicmcvivwmybwjlpf7wh20l-graalvm17-ce-22.3.0/lib/libjimage.so
Event: 1.130 Loaded shared library /nix/store/gpxl5qgg8kicmcvivwmybwjlpf7wh20l-graalvm17-ce-22.3.0/lib/libnet.so
Event: 4.716 Loaded shared library /home/runner/.cache/jdt-language-server/config/org.eclipse.equinox.launcher/org.eclipse.equinox.launcher.gtk.linux.x86_64_1.2.400.v20211117-0650/eclipse_11600.so
Event: 17.632 Loaded shared library /nix/store/gpxl5qgg8kicmcvivwmybwjlpf7wh20l-graalvm17-ce-22.3.0/lib/libextnet.so

Deoptimization events (20 events):
Event: 1072.966 Thread 0x00007f6080050930 DEOPT PACKING pc=0x00007f60ff00ceb5 sp=0x00007f60bdafcfe0
Event: 1072.966 Thread 0x00007f6080050930 DEOPT UNPACKING pc=0x00007f60f7505325 sp=0x00007f60bdafc478 mode 3
Event: 1077.130 Thread 0x00007f608004f590 DEOPT PACKING pc=0x00007f60ff207c63 sp=0x00007f60bb7fd850
Event: 1077.130 Thread 0x00007f608004f590 DEOPT UNPACKING pc=0x00007f60f7505325 sp=0x00007f60bb7fcca0 mode 1
Event: 1322.464 Thread 0x00007f6090050710 Uncommon trap: trap_request=0xffffff8f fr.pc=0x00007f60ff265a5a relative=0x000000000000121a
Event: 1322.464 Thread 0x00007f6090050710 Uncommon trap: reason=constraint action=none pc=0x00007f60ff265a5a method=org.eclipse.jdt.internal.core.index.DiskIndex.copyQueryResults(Lorg/eclipse/jdt/internal/compiler/util/HashtableOfObject;I)V @ 123 jvmci
Event: 1322.464 Thread 0x00007f6090050710 DEOPT PACKING pc=0x00007f60ff265a5a sp=0x00007f60bdbfe370
Event: 1322.464 Thread 0x00007f6090050710 DEOPT UNPACKING pc=0x00007f60f7505325 sp=0x00007f60bdbfd850 mode 3
Event: 1326.343 Thread 0x00007f6090050710 Uncommon trap: trap_request=0xffffff8f fr.pc=0x00007f60ff1d4394 relative=0x0000000000000274
Event: 1326.343 Thread 0x00007f6090050710 Uncommon trap: reason=constraint action=none pc=0x00007f60ff1d4394 method=org.eclipse.jdt.internal.core.index.DiskIndex$IntList.add(I)V @ 0 jvmci
Event: 1326.343 Thread 0x00007f6090050710 DEOPT PACKING pc=0x00007f60ff1d4394 sp=0x00007f60bdbfe330
Event: 1326.343 Thread 0x00007f6090050710 DEOPT UNPACKING pc=0x00007f60f7505325 sp=0x00007f60bdbfd7e0 mode 3
Event: 1353.931 Thread 0x00007f6080050930 Uncommon trap: trap_request=0xffffff8f fr.pc=0x00007f60ff0a07a4 relative=0x0000000000000364
Event: 1353.931 Thread 0x00007f6080050930 Uncommon trap: reason=constraint action=none pc=0x00007f60ff0a07a4 method=java.lang.StringBuilder.append(C)Ljava/lang/StringBuilder; @ 0 jvmci
Event: 1353.931 Thread 0x00007f6080050930 DEOPT PACKING pc=0x00007f60ff0a07a4 sp=0x00007f60bdafd6d0
Event: 1353.931 Thread 0x00007f6080050930 DEOPT UNPACKING pc=0x00007f60f7505325 sp=0x00007f60bdafcb98 mode 3
Event: 1356.631 Thread 0x00007f6080050930 Uncommon trap: trap_request=0xffffff8f fr.pc=0x00007f60ff03eda4 relative=0x0000000000000364
Event: 1356.631 Thread 0x00007f6080050930 Uncommon trap: reason=constraint action=none pc=0x00007f60ff03eda4 method=java.lang.AbstractStringBuilder.append(C)Ljava/lang/AbstractStringBuilder; @ 0 jvmci
Event: 1356.631 Thread 0x00007f6080050930 DEOPT PACKING pc=0x00007f60ff03eda4 sp=0x00007f60bdafd660
Event: 1356.631 Thread 0x00007f6080050930 DEOPT UNPACKING pc=0x00007f60f7505325 sp=0x00007f60bdafcb28 mode 3

Classes unloaded (20 events):
Event: 187.167 Thread 0x00007f61100a1c10 Unloading class 0x000000080112c400 'jdk/internal/reflect/GeneratedSerializationConstructorAccessor10'
Event: 187.167 Thread 0x00007f61100a1c10 Unloading class 0x000000080112c000 'jdk/internal/reflect/GeneratedSerializationConstructorAccessor9'
Event: 187.167 Thread 0x00007f61100a1c10 Unloading class 0x000000080112a400 'jdk/internal/reflect/GeneratedSerializationConstructorAccessor8'
Event: 187.167 Thread 0x00007f61100a1c10 Unloading class 0x000000080109e400 'jdk/internal/reflect/GeneratedSerializationConstructorAccessor2'
Event: 187.167 Thread 0x00007f61100a1c10 Unloading class 0x000000080109e000 'jdk/internal/reflect/GeneratedSerializationConstructorAccessor1'
Event: 199.326 Thread 0x00007f61100a1c10 Unloading class 0x00000008010f0c00 'jdk/internal/reflect/GeneratedMethodAccessor10'
Event: 199.326 Thread 0x00007f61100a1c10 Unloading class 0x00000008010f0800 'jdk/internal/reflect/GeneratedMethodAccessor9'
Event: 199.326 Thread 0x00007f61100a1c10 Unloading class 0x00000008010f0400 'jdk/internal/reflect/GeneratedMethodAccessor8'
Event: 199.326 Thread 0x00007f61100a1c10 Unloading class 0x00000008010f0000 'jdk/internal/reflect/GeneratedMethodAccessor7'
Event: 201.374 Thread 0x00007f61100a1c10 Unloading class 0x000000080112cc00 'jdk/internal/reflect/GeneratedMethodAccessor11'
Event: 214.927 Thread 0x00007f61100a1c10 Unloading class 0x000000080112a000 'jdk/internal/reflect/GeneratedConstructorAccessor37'
Event: 375.452 Thread 0x00007f61100a1c10 Unloading class 0x0000000801268000 'jdk/internal/reflect/GeneratedConstructorAccessor42'
Event: 377.442 Thread 0x00007f61100a1c10 Unloading class 0x000000080127c800 'jdk/internal/reflect/GeneratedConstructorAccessor47'
Event: 548.130 Thread 0x00007f61100a1c10 Unloading class 0x000000080127c800 'jdk/internal/reflect/GeneratedConstructorAccessor48'
Event: 988.739 Thread 0x00007f61100a1c10 Unloading class 0x000000080127c800 'java/lang/invoke/LambdaForm$MH+0x000000080127c800'
Event: 1098.732 Thread 0x00007f61100a1c10 Unloading class 0x00000008012ac000 'java/lang/invoke/LambdaForm$MH+0x00000008012ac000'
Event: 1124.854 Thread 0x00007f61100a1c10 Unloading class 0x000000080127c800 'java/lang/invoke/LambdaForm$MH+0x000000080127c800'
Event: 1129.050 Thread 0x00007f61100a1c10 Unloading class 0x00000008012ac000 'java/lang/invoke/LambdaForm$MH+0x00000008012ac000'
Event: 1187.943 Thread 0x00007f61100a1c10 Unloading class 0x000000080127c800 'java/lang/invoke/LambdaForm$MH+0x000000080127c800'
Event: 1242.523 Thread 0x00007f61100a1c10 Unloading class 0x00000008012ac000 'java/lang/invoke/LambdaForm$MH+0x00000008012ac000'

Classes redefined (0 events):
No events

Internal exceptions (20 events):
Event: 874.828 Thread 0x00007f61104b2d90 Exception <a 'java/lang/OutOfMemoryError'{0x00000000e0011c60}> (0x00000000e0011c60) 
thrown [src/hotspot/share/gc/shared/memAllocator.cpp, line 136]
Event: 1067.468 Thread 0x00007f608004f590 Exception <a 'java/lang/OutOfMemoryError'{0x00000000e0011940}> (0x00000000e0011940) 
thrown [src/hotspot/share/gc/shared/memAllocator.cpp, line 138]
Event: 1067.468 Thread 0x00007f608004f590 Implicit null exception at 0x00007f60ff2062d6 to 0x00007f60ff207c48
Event: 1070.140 Thread 0x00007f6050003d90 Exception <a 'java/lang/OutOfMemoryError'{0x00000000e0011c60}> (0x00000000e0011c60) 
thrown [src/hotspot/share/gc/shared/memAllocator.cpp, line 136]
Event: 1072.966 Thread 0x00007f6080050930 Exception <a 'java/lang/OutOfMemoryError'{0x00000000e0011940}> (0x00000000e0011940) 
thrown [src/hotspot/share/gc/shared/memAllocator.cpp, line 138]
Event: 1072.966 Thread 0x00007f6080050930 Implicit null exception at 0x00007f60ff00ccf7 to 0x00007f60ff00ce9a
Event: 1077.130 Thread 0x00007f608004f590 Exception <a 'java/lang/OutOfMemoryError'{0x00000000e0011c60}> (0x00000000e0011c60) 
thrown [src/hotspot/share/gc/shared/memAllocator.cpp, line 136]
Event: 1077.130 Thread 0x00007f608004f590 Exception <a 'java/lang/OutOfMemoryError'{0x00000000e00119c0}> (0x00000000e00119c0) 
thrown [src/hotspot/share/runtime/deoptimization.cpp, line 1108]
Event: 1079.921 Thread 0x00007f6050003d90 Exception <a 'java/lang/OutOfMemoryError'{0x00000000e0011c60}> (0x00000000e0011c60) 
thrown [src/hotspot/share/gc/shared/memAllocator.cpp, line 136]
Event: 1271.660 Thread 0x00007f6080050930 Exception <a 'java/lang/ClassNotFoundException'{0x00000000f556de10}: sun/util/logging/resources/spi/loggingProvider> (0x00000000f556de10) 
thrown [src/hotspot/share/classfile/systemDictionary.cpp, line 256]
Event: 1322.464 Thread 0x00007f6090050710 Exception <a 'java/lang/OutOfMemoryError'{0x00000000e0011940}> (0x00000000e0011940) 
thrown [src/hotspot/share/gc/shared/memAllocator.cpp, line 138]
Event: 1322.464 Thread 0x00007f6090050710 Implicit null exception at 0x00007f60ff26548e to 0x00007f60ff265a3f
Event: 1326.343 Thread 0x00007f6090050710 Exception <a 'java/lang/OutOfMemoryError'{0x00000000e0011940}> (0x00000000e0011940) 
thrown [src/hotspot/share/gc/shared/memAllocator.cpp, line 138]
Event: 1326.343 Thread 0x00007f6090050710 Implicit null exception at 0x00007f60ff1d42ed to 0x00007f60ff1d4379
Event: 1353.930 Thread 0x00007f6080050930 Exception <a 'java/lang/OutOfMemoryError'{0x00000000e0011940}> (0x00000000e0011940) 
thrown [src/hotspot/share/gc/shared/memAllocator.cpp, line 138]
Event: 1353.931 Thread 0x00007f6080050930 Implicit null exception at 0x00007f60ff0a06c1 to 0x00007f60ff0a0789
Event: 1356.631 Thread 0x00007f6080050930 Exception <a 'java/lang/OutOfMemoryError'{0x00000000e0011940}> (0x00000000e0011940) 
thrown [src/hotspot/share/gc/shared/memAllocator.cpp, line 138]
Event: 1356.631 Thread 0x00007f6080050930 Implicit null exception at 0x00007f60ff03ecc1 to 0x00007f60ff03ed89
Event: 1359.425 Thread 0x00007f60800dd870 Exception <a 'java/lang/OutOfMemoryError'{0x00000000e0011c60}> (0x00000000e0011c60) 
thrown [src/hotspot/share/gc/shared/memAllocator.cpp, line 136]
Event: 1455.368 Thread 0x00007f61100b21e0 Exception <a 'java/lang/OutOfMemoryError'{0x00000000e0011c60}> (0x00000000e0011c60) 
thrown [src/hotspot/share/gc/shared/memAllocator.cpp, line 136]

VM Operations (20 events):
Event: 1435.093 Executing VM operation: ParallelGCFailedAllocation
Event: 1436.450 Executing VM operation: ParallelGCFailedAllocation done
Event: 1436.450 Executing VM operation: ParallelGCFailedAllocation
Event: 1437.966 Executing VM operation: ParallelGCFailedAllocation done
Event: 1437.967 Executing VM operation: ParallelGCFailedAllocation
Event: 1439.538 Executing VM operation: ParallelGCFailedAllocation done
Event: 1439.538 Executing VM operation: ParallelGCFailedAllocation
Event: 1440.848 Executing VM operation: ParallelGCFailedAllocation done
Event: 1440.848 Executing VM operation: ParallelGCFailedAllocation
Event: 1442.256 Executing VM operation: ParallelGCFailedAllocation done
Event: 1442.256 Executing VM operation: ParallelGCFailedAllocation
Event: 1445.418 Executing VM operation: ParallelGCFailedAllocation done
Event: 1445.418 Executing VM operation: ParallelGCFailedAllocation
Event: 1450.029 Executing VM operation: ParallelGCFailedAllocation done
Event: 1450.029 Executing VM operation: ParallelGCFailedAllocation
Event: 1451.355 Executing VM operation: ParallelGCFailedAllocation done
Event: 1451.355 Executing VM operation: ParallelGCFailedAllocation
Event: 1452.779 Executing VM operation: ParallelGCFailedAllocation done
Event: 1452.779 Executing VM operation: ParallelGCFailedAllocation
Event: 1455.368 Executing VM operation: ParallelGCFailedAllocation done

Events (20 events):
Event: 1152.322 Thread 0x00007f61100b4b40 flushing nmethod 0x00007f60f8a73510
Event: 1152.322 Thread 0x00007f61100b4b40 flushing nmethod 0x00007f60f8a78390
Event: 1152.322 Thread 0x00007f61100b4b40 flushing nmethod 0x00007f60f8a82310
Event: 1152.322 Thread 0x00007f61100b4b40 flushing nmethod 0x00007f60f8a99590
Event: 1248.861 loading class java/util/logging/Level$RbAccess
Event: 1250.169 loading class java/util/logging/Level$RbAccess done
Event: 1276.927 loading class sun/util/logging/resources/logging
Event: 1278.573 loading class sun/util/logging/resources/logging done
Event: 1296.262 loading class sun/util/logging/resources/logging_en
Event: 1296.262 loading class sun/util/logging/resources/logging_en done
Event: 1296.262 loading class sun/util/logging/resources/logging_en
Event: 1296.262 loading class sun/util/logging/resources/logging_en done
Event: 1298.042 loading class sun/util/logging/resources/logging_en_US
Event: 1298.042 loading class sun/util/logging/resources/logging_en_US done
Event: 1300.929 loading class sun/util/logging/resources/logging_en_US
Event: 1300.929 loading class sun/util/logging/resources/logging_en_US done
Event: 1322.462 loading class java/util/Formatter$DateTime
Event: 1322.462 loading class java/util/Formatter$DateTime done
Event: 1331.150 loading class java/time/ZonedDateTime$1
Event: 1331.150 loading class java/time/ZonedDateTime$1 done


Dynamic libraries:
e0000000-f5580000 rw-p 00000000 00:00 0 
f5580000-f9b00000 rw-p 00000000 00:00 0 
f9b00000-100000000 ---p 00000000 00:00 0 
800000000-800449000 rw-p 00001000 00:c2b 4611686019135357769             /nix/store/gpxl5qgg8kicmcvivwmybwjlpf7wh20l-graalvm17-ce-22.3.0/lib/server/classes.jsa
800449000-800bc8000 r--p 0044a000 00:c2b 4611686019135357769             /nix/store/gpxl5qgg8kicmcvivwmybwjlpf7wh20l-graalvm17-ce-22.3.0/lib/server/classes.jsa
800bc8000-800c00000 ---p 00000000 00:00 0 
800c00000-800c20000 rw-p 00000000 00:00 0 
800c20000-800c40000 rw-p 00000000 00:00 0 
800c40000-800cc0000 rw-p 00000000 00:00 0 
800cc0000-800d00000 rw-p 00000000 00:00 0 
800d00000-800dc0000 rw-p 00000000 00:00 0 
800dc0000-800e00000 rw-p 00000000 00:00 0 
800e00000-800f40000 rw-p 00000000 00:00 0 
800f40000-801000000 rw-p 00000000 00:00 0 
801000000-8012b0000 rw-p 00000000 00:00 0 
8012b0000-840c00000 ---p 00000000 00:00 0 
562c362c7000-562c362c8000 r-xp 00000000 00:c2b 4611686019099417844       /nix/store/gpxl5qgg8kicmcvivwmybwjlpf7wh20l-graalvm17-ce-22.3.0/bin/.java-wrapped
562c362c9000-562c362ca000 r--p 00001000 00:c2b 4611686019099417844       /nix/store/gpxl5qgg8kicmcvivwmybwjlpf7wh20l-graalvm17-ce-22.3.0/bin/.java-wrapped
562c362ca000-562c362cb000 rw-p 00002000 00:c2b 4611686019099417844       /nix/store/gpxl5qgg8kicmcvivwmybwjlpf7wh20l-graalvm17-ce-22.3.0/bin/.java-wrapped
562c362cb000-562c362cc000 rw-p 00004000 00:c2b 4611686019099417844       /nix/store/gpxl5qgg8kicmcvivwmybwjlpf7wh20l-graalvm17-ce-22.3.0/bin/.java-wrapped
562c362cc000-562c362cd000 rw-p 00005000 00:c2b 4611686019099417844       /nix/store/gpxl5qgg8kicmcvivwmybwjlpf7wh20l-graalvm17-ce-22.3.0/bin/.java-wrapped
562c38185000-562c381cd000 rw-p 00000000 00:00 0                          [heap]
7f6034000000-7f6034021000 rw-p 00000000 00:00 0 
7f6034021000-7f6038000000 ---p 00000000 00:00 0 
7f603c000000-7f603c044000 rw-p 00000000 00:00 0 
7f603c044000-7f6040000000 ---p 00000000 00:00 0 
7f6040000000-7f6040021000 rw-p 00000000 00:00 0 
7f6040021000-7f6044000000 ---p 00000000 00:00 0 
7f6044000000-7f6044251000 rw-p 00000000 00:00 0 
7f6044251000-7f6048000000 ---p 00000000 00:00 0 
7f6048000000-7f6048021000 rw-p 00000000 00:00 0 
7f6048021000-7f604c000000 ---p 00000000 00:00 0 
7f604c000000-7f604c021000 rw-p 00000000 00:00 0 
7f604c021000-7f6050000000 ---p 00000000 00:00 0 
7f6050000000-7f6050021000 rw-p 00000000 00:00 0 
7f6050021000-7f6054000000 ---p 00000000 00:00 0 
7f6054000000-7f6054021000 rw-p 00000000 00:00 0 
7f6054021000-7f6058000000 ---p 00000000 00:00 0 
7f6058000000-7f6058021000 rw-p 00000000 00:00 0 
7f6058021000-7f605c000000 ---p 00000000 00:00 0 
7f605c000000-7f605c021000 rw-p 00000000 00:00 0 
7f605c021000-7f6060000000 ---p 00000000 00:00 0 
7f6061400000-7f6061630000 rw-p 00000000 00:00 0 
7f6061630000-7f6061c00000 ---p 00000000 00:00 0 
7f6061c00000-7f6062400000 rw-p 00000000 00:00 0 
7f60624b3000-7f606c000000 r--s 00000000 00:c2b 4611686019135192581       /nix/store/gpxl5qgg8kicmcvivwmybwjlpf7wh20l-graalvm17-ce-22.3.0/lib/modules
7f606c000000-7f606c0ae000 rw-p 00000000 00:00 0 
7f606c0ae000-7f6070000000 ---p 00000000 00:00 0 
7f6070000000-7f6070069000 rw-p 00000000 00:00 0 
7f6070069000-7f6074000000 ---p 00000000 00:00 0 
7f6074000000-7f60744f3000 rw-p 00000000 00:00 0 
7f60744f3000-7f6078000000 ---p 00000000 00:00 0 
7f6078000000-7f6078037000 rw-p 00000000 00:00 0 
7f6078037000-7f607c000000 ---p 00000000 00:00 0 
7f607c000000-7f607c021000 rw-p 00000000 00:00 0 
7f607c021000-7f6080000000 ---p 00000000 00:00 0 
7f6080000000-7f60801bf000 rw-p 00000000 00:00 0 
7f60801bf000-7f6084000000 ---p 00000000 00:00 0 
7f6084000000-7f60842f6000 rw-p 00000000 00:00 0 
7f60842f6000-7f6088000000 ---p 00000000 00:00 0 
7f6088c00000-7f6088d80000 rw-p 00000000 00:00 0 
7f6088d80000-7f6088e00000 rw-p 00000000 00:00 0 
7f6088e00000-7f6089300000 rw-p 00000000 00:00 0 
7f6089300000-7f6089380000 rw-p 00000000 00:00 0 
7f6089380000-7f6089400000 ---p 00000000 00:00 0 
7f608a800000-7f608afe0000 rw-p 00000000 00:00 0 
7f608afe0000-7f608b000000 rw-p 00000000 00:00 0 
7f608b000000-7f608b100000 rw-p 00000000 00:00 0 
7f608b100000-7f608b1c0000 rw-p 00000000 00:00 0 
7f608b1c0000-7f608b2c0000 rw-p 00000000 00:00 0 
7f608b2c0000-7f608b300000 rw-p 00000000 00:00 0 
7f608b300000-7f608b500000 rw-p 00000000 00:00 0 
7f608b500000-7f608b600000 rw-p 00000000 00:00 0 
7f608b600000-7f608b700000 rw-p 00000000 00:00 0 
7f608b700000-7f608b800000 rw-p 00000000 00:00 0 
7f608b800000-7f608b900000 rw-p 00000000 00:00 0 
7f608b900000-7f608ba00000 rw-p 00000000 00:00 0 
7f608ba00000-7f608bfc0000 rw-p 00000000 00:00 0 
7f608bfc0000-7f608c000000 rw-p 00000000 00:00 0 
7f608c000000-7f608c119000 rw-p 00000000 00:00 0 
7f608c119000-7f6090000000 ---p 00000000 00:00 0 
7f6090000000-7f6090066000 rw-p 00000000 00:00 0 
7f6090066000-7f6094000000 ---p 00000000 00:00 0 
7f6094000000-7f6094021000 rw-p 00000000 00:00 0 
7f6094021000-7f6098000000 ---p 00000000 00:00 0 
7f6098000000-7f609809e000 rw-p 00000000 00:00 0 
7f609809e000-7f609c000000 ---p 00000000 00:00 0 
7f609c000000-7f609c021000 rw-p 00000000 00:00 0 
7f609c021000-7f60a0000000 ---p 00000000 00:00 0 
7f60a0000000-7f60a0021000 rw-p 00000000 00:00 0 
7f60a0021000-7f60a4000000 ---p 00000000 00:00 0 
7f60a4000000-7f60a48bb000 rw-p 00000000 00:00 0 
7f60a48bb000-7f60a8000000 ---p 00000000 00:00 0 
7f60a8000000-7f60a8026000 rw-p 00000000 00:00 0 
7f60a8026000-7f60ac000000 ---p 00000000 00:00 0 
7f60ac000000-7f60ac021000 rw-p 00000000 00:00 0 
7f60ac021000-7f60b0000000 ---p 00000000 00:00 0 
7f60b0000000-7f60b0021000 rw-p 00000000 00:00 0 
7f60b0021000-7f60b4000000 ---p 00000000 00:00 0 
7f60b4000000-7f60b4021000 rw-p 00000000 00:00 0 
7f60b4021000-7f60b8000000 ---p 00000000 00:00 0 
7f60b8400000-7f60b8500000 rw-p 00000000 00:00 0 
7f60b8500000-7f60b8600000 rw-p 00000000 00:00 0 
7f60b8600000-7f60b8b00000 rw-p 00000000 00:00 0 
7f60b8b00000-7f60b8c00000 rw-p 00000000 00:00 0 
7f60b9e00000-7f60b9e10000 r-xp 00000000 00:be8 356                       /home/runner/.cache/jdt-language-server/config/org.eclipse.equinox.launcher/org.eclipse.equinox.launcher.gtk.linux.x86_64_1.2.400.v20211117-0650/eclipse_11600.so
7f60b9e10000-7f60ba00f000 ---p 00010000 00:be8 356                       /home/runner/.cache/jdt-language-server/config/org.eclipse.equinox.launcher/org.eclipse.equinox.launcher.gtk.linux.x86_64_1.2.400.v20211117-0650/eclipse_11600.so
7f60ba00f000-7f60ba010000 r--p 0000f000 00:be8 356                       /home/runner/.cache/jdt-language-server/config/org.eclipse.equinox.launcher/org.eclipse.equinox.launcher.gtk.linux.x86_64_1.2.400.v20211117-0650/eclipse_11600.so
7f60ba010000-7f60ba011000 rw-p 00010000 00:be8 356                       /home/runner/.cache/jdt-language-server/config/org.eclipse.equinox.launcher/org.eclipse.equinox.launcher.gtk.linux.x86_64_1.2.400.v20211117-0650/eclipse_11600.so
7f60ba500000-7f60ba600000 ---p 00000000 00:00 0 
7f60ba600000-7f60babaf000 r--p 01122000 00:c2b 4611686019135190040       /nix/store/gpxl5qgg8kicmcvivwmybwjlpf7wh20l-graalvm17-ce-22.3.0/lib/libjvmcicompiler.so
7f60babaf000-7f60bad00000 r--p 00000000 00:00 0 
7f60bad00000-7f60bad3d000 rw-p 00000000 00:00 0 
7f60bad3d000-7f60bb25d000 rw-p 0185f000 00:c2b 4611686019135190040       /nix/store/gpxl5qgg8kicmcvivwmybwjlpf7wh20l-graalvm17-ce-22.3.0/lib/libjvmcicompiler.so
7f60bb25d000-7f60bb644000 r--p 01d7f000 00:c2b 4611686019135190040       /nix/store/gpxl5qgg8kicmcvivwmybwjlpf7wh20l-graalvm17-ce-22.3.0/lib/libjvmcicompiler.so
7f60bb700000-7f60bb704000 ---p 00000000 00:00 0 
7f60bb704000-7f60bb800000 rw-p 00000000 00:00 0 
7f60bb900000-7f60bb904000 ---p 00000000 00:00 0 
7f60bb904000-7f60bba00000 rw-p 00000000 00:00 0 
7f60bba00000-7f60bba04000 ---p 00000000 00:00 0 
7f60bba04000-7f60bbb00000 rw-p 00000000 00:00 0 
7f60bbb00000-7f60bbb04000 ---p 00000000 00:00 0 
7f60bbb04000-7f60bbc00000 rw-p 00000000 00:00 0 
7f60bbd00000-7f60bbd04000 ---p 00000000 00:00 0 
7f60bbd04000-7f60bbe00000 rw-p 00000000 00:00 0 
7f60bbe00000-7f60bbe04000 ---p 00000000 00:00 0 
7f60bbe04000-7f60bbf00000 rw-p 00000000 00:00 0 
7f60bbf00000-7f60bbf04000 ---p 00000000 00:00 0 
7f60bbf04000-7f60bc000000 rw-p 00000000 00:00 0 
7f60bc100000-7f60bc104000 ---p 00000000 00:00 0 
7f60bc104000-7f60bc200000 rw-p 00000000 00:00 0 
7f60bc300000-7f60bc304000 ---p 00000000 00:00 0 
7f60bc304000-7f60bc400000 rw-p 00000000 00:00 0 
7f60bc500000-7f60bc504000 ---p 00000000 00:00 0 
7f60bc504000-7f60bc600000 rw-p 00000000 00:00 0 
7f60bc700000-7f60bc704000 ---p 00000000 00:00 0 
7f60bc704000-7f60bc800000 rw-p 00000000 00:00 0 
7f60bc900000-7f60bc904000 ---p 00000000 00:00 0 
7f60bc904000-7f60bca00000 rw-p 00000000 00:00 0 
7f60bd468000-7f60bd900000 rw-p 00000000 00:00 0 
7f60bda00000-7f60bda04000 ---p 00000000 00:00 0 
7f60bda04000-7f60bdb00000 rw-p 00000000 00:00 0 
7f60bdb00000-7f60bdb04000 ---p 00000000 00:00 0 
7f60bdb04000-7f60bdc00000 rw-p 00000000 00:00 0 
7f60bdc00000-7f60bfd6a000 r-xp 00000000 00:c2b 4611686019135190040       /nix/store/gpxl5qgg8kicmcvivwmybwjlpf7wh20l-graalvm17-ce-22.3.0/lib/libjvmcicompiler.so
7f60bfd6a000-7f60bff69000 ---p 0216a000 00:c2b 4611686019135190040       /nix/store/gpxl5qgg8kicmcvivwmybwjlpf7wh20l-graalvm17-ce-22.3.0/lib/libjvmcicompiler.so
7f60bff69000-7f60bff6a000 r--p 02169000 00:c2b 4611686019135190040       /nix/store/gpxl5qgg8kicmcvivwmybwjlpf7wh20l-graalvm17-ce-22.3.0/lib/libjvmcicompiler.so
7f60bff6a000-7f60bff6c000 rw-p 0216a000 00:c2b 4611686019135190040       /nix/store/gpxl5qgg8kicmcvivwmybwjlpf7wh20l-graalvm17-ce-22.3.0/lib/libjvmcicompiler.so
7f60bff6c000-7f60bff6d000 rw-p 00000000 00:00 0 
7f60bff6d000-7f60bff72000 rw-p 023c3000 00:c2b 4611686019135190040       /nix/store/gpxl5qgg8kicmcvivwmybwjlpf7wh20l-graalvm17-ce-22.3.0/lib/libjvmcicompiler.so
7f60c0000000-7f60c0021000 rw-p 00000000 00:00 0 
7f60c0021000-7f60c4000000 ---p 00000000 00:00 0 
7f60c4000000-7f60c4021000 rw-p 00000000 00:00 0 
7f60c4021000-7f60c8000000 ---p 00000000 00:00 0 
7f60c8000000-7f60c8021000 rw-p 00000000 00:00 0 
7f60c8021000-7f60cc000000 ---p 00000000 00:00 0 
7f60cc000000-7f60cc021000 rw-p 00000000 00:00 0 
7f60cc021000-7f60d0000000 ---p 00000000 00:00 0 
7f60d0000000-7f60d00e0000 rw-p 00000000 00:00 0 
7f60d00e0000-7f60d4000000 ---p 00000000 00:00 0 
7f60d4000000-7f60d4bbb000 rw-p 00000000 00:00 0 
7f60d4bbb000-7f60d8000000 ---p 00000000 00:00 0 
7f60d8000000-7f60d8021000 rw-p 00000000 00:00 0 
7f60d8021000-7f60dc000000 ---p 00000000 00:00 0 
7f60dc000000-7f60dc021000 rw-p 00000000 00:00 0 
7f60dc021000-7f60e0000000 ---p 00000000 00:00 0 
7f60e0000000-7f60e0021000 rw-p 00000000 00:00 0 
7f60e0021000-7f60e4000000 ---p 00000000 00:00 0 
7f60e4000000-7f60e4021000 rw-p 00000000 00:00 0 
7f60e4021000-7f60e8000000 ---p 00000000 00:00 0 
7f60e8000000-7f60e8021000 rw-p 00000000 00:00 0 
7f60e8021000-7f60ec000000 ---p 00000000 00:00 0 
7f60ec000000-7f60ec021000 rw-p 00000000 00:00 0 
7f60ec021000-7f60f0000000 ---p 00000000 00:00 0 
7f60f0000000-7f60f0093000 rw-p 00000000 00:00 0 
7f60f0093000-7f60f4000000 ---p 00000000 00:00 0 
7f60f4000000-7f60f4004000 ---p 00000000 00:00 0 
7f60f4004000-7f60f4100000 rw-p 00000000 00:00 0 
7f60f4100000-7f60f4104000 ---p 00000000 00:00 0 
7f60f4104000-7f60f4200000 rw-p 00000000 00:00 0 
7f60f4200000-7f60f4204000 ---p 00000000 00:00 0 
7f60f4204000-7f60f4300000 rw-p 00000000 00:00 0 
7f60f4300000-7f60f4304000 ---p 00000000 00:00 0 
7f60f4304000-7f60f4400000 rw-p 00000000 00:00 0 
7f60f4400000-7f60f4404000 ---p 00000000 00:00 0 
7f60f4404000-7f60f4500000 rw-p 00000000 00:00 0 
7f60f4500000-7f60f4504000 ---p 00000000 00:00 0 
7f60f4504000-7f60f4600000 rw-p 00000000 00:00 0 
7f60f4600000-7f60f4604000 ---p 00000000 00:00 0 
7f60f4604000-7f60f4700000 rw-p 00000000 00:00 0 
7f60f4700000-7f60f4704000 ---p 00000000 00:00 0 
7f60f4704000-7f60f4800000 rw-p 00000000 00:00 0 
7f60f4800000-7f60f4804000 ---p 00000000 00:00 0 
7f60f4804000-7f60f4900000 rw-p 00000000 00:00 0 
7f60f4900000-7f60f4904000 ---p 00000000 00:00 0 
7f60f4904000-7f60f4a00000 rw-p 00000000 00:00 0 
7f60f4a00000-7f60f4a04000 ---p 00000000 00:00 0 
7f60f4a04000-7f60f4b00000 rw-p 00000000 00:00 0 
7f60f4b00000-7f60f4b04000 ---p 00000000 00:00 0 
7f60f4b04000-7f60f4c00000 rw-p 00000000 00:00 0 
7f60f4c00000-7f60f4c04000 ---p 00000000 00:00 0 
7f60f4c04000-7f60f4d00000 rw-p 00000000 00:00 0 
7f60f4d18000-7f60f4d1c000 ---p 00000000 00:00 0 
7f60f4d1c000-7f60f4e18000 rw-p 00000000 00:00 0 
7f60f4e18000-7f60f4e19000 ---p 00000000 00:00 0 
7f60f4e19000-7f60f4f1a000 rw-p 00000000 00:00 0 
7f60f4f1a000-7f60f4f1e000 ---p 00000000 00:00 0 
7f60f4f1e000-7f60f501a000 rw-p 00000000 00:00 0 
7f60f501a000-7f60f501e000 ---p 00000000 00:00 0 
7f60f501e000-7f60f511a000 rw-p 00000000 00:00 0 
7f60f511a000-7f60f511e000 ---p 00000000 00:00 0 
7f60f511e000-7f60f521a000 rw-p 00000000 00:00 0 
7f60f521a000-7f60f521e000 ---p 00000000 00:00 0 
7f60f521e000-7f60f541a000 rw-p 00000000 00:00 0 
7f60f541a000-7f60f541e000 ---p 00000000 00:00 0 
7f60f541e000-7f60f561a000 rw-p 00000000 00:00 0 
7f60f561a000-7f60f561e000 ---p 00000000 00:00 0 
7f60f561e000-7f60f571a000 rw-p 00000000 00:00 0 
7f60f571a000-7f60f571e000 ---p 00000000 00:00 0 
7f60f571e000-7f60f581a000 rw-p 00000000 00:00 0 
7f60f581a000-7f60f581e000 ---p 00000000 00:00 0 
7f60f581e000-7f60f591a000 rw-p 00000000 00:00 0 
7f60f591a000-7f60f5c00000 r--p 00000000 00:af2 28444448                  /usr/lib/locale/locale-archive
7f60f5c00000-7f60f6000000 rw-p 00000000 00:00 0 
7f60f6000000-7f60f6300000 rw-p 00000000 00:00 0 
7f60f6300000-7f60f6400000 rw-p 00000000 00:00 0 
7f60f6491000-7f60f6495000 ---p 00000000 00:00 0 
7f60f6495000-7f60f74b3000 rw-p 00000000 00:00 0 
7f60f74b3000-7f60f7723000 rwxp 00000000 00:00 0 
7f60f7723000-7f60f7a42000 ---p 00000000 00:00 0 
7f60f7a42000-7f60f8b02000 rwxp 00000000 00:00 0 
7f60f8b02000-7f60fef7a000 ---p 00000000 00:00 0 
7f60fef7a000-7f60ff29a000 rwxp 00000000 00:00 0 
7f60ff29a000-7f61064b3000 ---p 00000000 00:00 0 
7f61064b3000-7f6110000000 r--s 00000000 00:c2b 4611686019135192581       /nix/store/gpxl5qgg8kicmcvivwmybwjlpf7wh20l-graalvm17-ce-22.3.0/lib/modules
7f6110000000-7f611061a000 rw-p 00000000 00:00 0 
7f611061a000-7f6114000000 ---p 00000000 00:00 0 
7f611400d000-7f611400f000 r-xp 00000000 00:c2b 4611686019135190017       /nix/store/gpxl5qgg8kicmcvivwmybwjlpf7wh20l-graalvm17-ce-22.3.0/lib/libextnet.so
7f611400f000-7f6114010000 r--p 00001000 00:c2b 4611686019135190017       /nix/store/gpxl5qgg8kicmcvivwmybwjlpf7wh20l-graalvm17-ce-22.3.0/lib/libextnet.so
7f6114010000-7f6114011000 rw-p 00002000 00:c2b 4611686019135190017       /nix/store/gpxl5qgg8kicmcvivwmybwjlpf7wh20l-graalvm17-ce-22.3.0/lib/libextnet.so
7f6114011000-7f6114012000 rw-p 00004000 00:c2b 4611686019135190017       /nix/store/gpxl5qgg8kicmcvivwmybwjlpf7wh20l-graalvm17-ce-22.3.0/lib/libextnet.so
7f6114012000-7f6114019000 r-xp 00000000 00:c2b 4611686019135192580       /nix/store/gpxl5qgg8kicmcvivwmybwjlpf7wh20l-graalvm17-ce-22.3.0/lib/libzip.so
7f6114019000-7f611401a000 ---p 00007000 00:c2b 4611686019135192580       /nix/store/gpxl5qgg8kicmcvivwmybwjlpf7wh20l-graalvm17-ce-22.3.0/lib/libzip.so
7f611401a000-7f611401b000 r--p 00007000 00:c2b 4611686019135192580       /nix/store/gpxl5qgg8kicmcvivwmybwjlpf7wh20l-graalvm17-ce-22.3.0/lib/libzip.so
7f611401b000-7f611401c000 rw-p 00008000 00:c2b 4611686019135192580       /nix/store/gpxl5qgg8kicmcvivwmybwjlpf7wh20l-graalvm17-ce-22.3.0/lib/libzip.so
7f611401c000-7f611401e000 rw-p 0000b000 00:c2b 4611686019135192580       /nix/store/gpxl5qgg8kicmcvivwmybwjlpf7wh20l-graalvm17-ce-22.3.0/lib/libzip.so
7f611401e000-7f6114033000 r-xp 00000000 00:c2b 4611686019135192570       /nix/store/gpxl5qgg8kicmcvivwmybwjlpf7wh20l-graalvm17-ce-22.3.0/lib/libnet.so
7f6114033000-7f6114034000 ---p 00015000 00:c2b 4611686019135192570       /nix/store/gpxl5qgg8kicmcvivwmybwjlpf7wh20l-graalvm17-ce-22.3.0/lib/libnet.so
7f6114034000-7f6114035000 r--p 00015000 00:c2b 4611686019135192570       /nix/store/gpxl5qgg8kicmcvivwmybwjlpf7wh20l-graalvm17-ce-22.3.0/lib/libnet.so
7f6114035000-7f6114036000 rw-p 00016000 00:c2b 4611686019135192570       /nix/store/gpxl5qgg8kicmcvivwmybwjlpf7wh20l-graalvm17-ce-22.3.0/lib/libnet.so
7f6114036000-7f6114039000 rw-p 0001b000 00:c2b 4611686019135192570       /nix/store/gpxl5qgg8kicmcvivwmybwjlpf7wh20l-graalvm17-ce-22.3.0/lib/libnet.so
7f6114039000-7f611404c000 r-xp 00000000 00:c2b 4611686019135192571       /nix/store/gpxl5qgg8kicmcvivwmybwjlpf7wh20l-graalvm17-ce-22.3.0/lib/libnio.so
7f611404c000-7f611404d000 r--p 00012000 00:c2b 4611686019135192571       /nix/store/gpxl5qgg8kicmcvivwmybwjlpf7wh20l-graalvm17-ce-22.3.0/lib/libnio.so
7f611404d000-7f611404e000 rw-p 00013000 00:c2b 4611686019135192571       /nix/store/gpxl5qgg8kicmcvivwmybwjlpf7wh20l-graalvm17-ce-22.3.0/lib/libnio.so
7f611404e000-7f6114053000 rw-p 00019000 00:c2b 4611686019135192571       /nix/store/gpxl5qgg8kicmcvivwmybwjlpf7wh20l-graalvm17-ce-22.3.0/lib/libnio.so
7f6114053000-7f6114057000 ---p 00000000 00:00 0 
7f6114057000-7f6114153000 rw-p 00000000 00:00 0 
7f6114153000-7f6114157000 ---p 00000000 00:00 0 
7f6114157000-7f6114253000 rw-p 00000000 00:00 0 
7f6114253000-7f6114254000 ---p 00000000 00:00 0 
7f6114254000-7f6114355000 rw-p 00000000 00:00 0 
7f6114355000-7f6114423000 r-xp 00000000 00:c2b 4611686019135190036       /nix/store/gpxl5qgg8kicmcvivwmybwjlpf7wh20l-graalvm17-ce-22.3.0/lib/libjsvml.so
7f6114423000-7f6114424000 r--p 000cd000 00:c2b 4611686019135190036       /nix/store/gpxl5qgg8kicmcvivwmybwjlpf7wh20l-graalvm17-ce-22.3.0/lib/libjsvml.so
7f6114424000-7f6114425000 rw-p 000ce000 00:c2b 4611686019135190036       /nix/store/gpxl5qgg8kicmcvivwmybwjlpf7wh20l-graalvm17-ce-22.3.0/lib/libjsvml.so
7f6114425000-7f6114cfd000 rw-p 00000000 00:00 0 
7f6114cfd000-7f6114cfe000 ---p 00000000 00:00 0 
7f6114cfe000-7f6114ea9000 rw-p 00000000 00:00 0 
7f6114ea9000-7f6114ecd000 rw-p 00000000 00:00 0 
7f6114ecd000-7f6114eff000 ---p 00000000 00:00 0 
7f6114eff000-7f6114f07000 rw-p 00000000 00:00 0 
7f6114f07000-7f6114feb000 ---p 00000000 00:00 0 
7f6114feb000-7f611500d000 rw-p 00000000 00:00 0 
7f611500d000-7f61150d6000 ---p 00000000 00:00 0 
7f61150d6000-7f61150db000 rw-p 00000000 00:00 0 
7f61150db000-7f61150e2000 ---p 00000000 00:00 0 
7f61150e2000-7f6115106000 r-xp 00000000 00:c2b 4611686019135190028       /nix/store/gpxl5qgg8kicmcvivwmybwjlpf7wh20l-graalvm17-ce-22.3.0/lib/libjava.so
7f6115106000-7f6115107000 ---p 00024000 00:c2b 4611686019135190028       /nix/store/gpxl5qgg8kicmcvivwmybwjlpf7wh20l-graalvm17-ce-22.3.0/lib/libjava.so
7f6115107000-7f6115108000 r--p 00024000 00:c2b 4611686019135190028       /nix/store/gpxl5qgg8kicmcvivwmybwjlpf7wh20l-graalvm17-ce-22.3.0/lib/libjava.so
7f6115108000-7f6115109000 rw-p 00025000 00:c2b 4611686019135190028       /nix/store/gpxl5qgg8kicmcvivwmybwjlpf7wh20l-graalvm17-ce-22.3.0/lib/libjava.so
7f6115109000-7f611510a000 rw-p 00000000 00:00 0 
7f611510a000-7f6115111000 rw-p 0002f000 00:c2b 4611686019135190028       /nix/store/gpxl5qgg8kicmcvivwmybwjlpf7wh20l-graalvm17-ce-22.3.0/lib/libjava.so
7f6115111000-7f6115119000 rw-s 00000000 00:6a4 353                       /tmp/hsperfdata_runner/28
7f6115119000-7f611511a000 ---p 00000000 00:00 0 
7f611511a000-7f611511b000 r--p 00000000 00:00 0 
7f611511b000-7f611511c000 rwxp 00000000 00:00 0 
7f611511c000-7f6115137000 r-xp 00000000 00:c2b 4611686019135190032       /nix/store/gpxl5qgg8kicmcvivwmybwjlpf7wh20l-graalvm17-ce-22.3.0/lib/libjimage.so
7f6115137000-7f6115138000 ---p 0001b000 00:c2b 4611686019135190032       /nix/store/gpxl5qgg8kicmcvivwmybwjlpf7wh20l-graalvm17-ce-22.3.0/lib/libjimage.so
7f6115138000-7f611513a000 r--p 0001b000 00:c2b 4611686019135190032       /nix/store/gpxl5qgg8kicmcvivwmybwjlpf7wh20l-graalvm17-ce-22.3.0/lib/libjimage.so
7f611513a000-7f611513b000 rw-p 0001d000 00:c2b 4611686019135190032       /nix/store/gpxl5qgg8kicmcvivwmybwjlpf7wh20l-graalvm17-ce-22.3.0/lib/libjimage.so
7f611513b000-7f611513c000 rw-p 00024000 00:c2b 4611686019135190032       /nix/store/gpxl5qgg8kicmcvivwmybwjlpf7wh20l-graalvm17-ce-22.3.0/lib/libjimage.so
7f611513c000-7f6115140000 ---p 00000000 00:00 0 
7f6115140000-7f611523c000 rw-p 00000000 00:00 0 
7f611523c000-7f611524a000 r--p 00000000 00:c2b 4611686019027979927       /nix/store/4nlgxhb09sdr51nc9hdm8az5b08vzkgx-glibc-2.35-163/lib/libm.so.6
7f611524a000-7f61152bd000 r-xp 0000e000 00:c2b 4611686019027979927       /nix/store/4nlgxhb09sdr51nc9hdm8az5b08vzkgx-glibc-2.35-163/lib/libm.so.6
7f61152bd000-7f611531a000 r--p 00081000 00:c2b 4611686019027979927       /nix/store/4nlgxhb09sdr51nc9hdm8az5b08vzkgx-glibc-2.35-163/lib/libm.so.6
7f611531a000-7f611531b000 r--p 000dd000 00:c2b 4611686019027979927       /nix/store/4nlgxhb09sdr51nc9hdm8az5b08vzkgx-glibc-2.35-163/lib/libm.so.6
7f611531b000-7f611531c000 rw-p 000de000 00:c2b 4611686019027979927       /nix/store/4nlgxhb09sdr51nc9hdm8az5b08vzkgx-glibc-2.35-163/lib/libm.so.6
7f611531c000-7f611531d000 r--p 00000000 00:c2b 4611686019027979946       /nix/store/4nlgxhb09sdr51nc9hdm8az5b08vzkgx-glibc-2.35-163/lib/librt.so.1
7f611531d000-7f611531e000 r-xp 00001000 00:c2b 4611686019027979946       /nix/store/4nlgxhb09sdr51nc9hdm8az5b08vzkgx-glibc-2.35-163/lib/librt.so.1
7f611531e000-7f611531f000 r--p 00002000 00:c2b 4611686019027979946       /nix/store/4nlgxhb09sdr51nc9hdm8az5b08vzkgx-glibc-2.35-163/lib/librt.so.1
7f611531f000-7f6115320000 r--p 00002000 00:c2b 4611686019027979946       /nix/store/4nlgxhb09sdr51nc9hdm8az5b08vzkgx-glibc-2.35-163/lib/librt.so.1
7f6115320000-7f6115321000 rw-p 00003000 00:c2b 4611686019027979946       /nix/store/4nlgxhb09sdr51nc9hdm8az5b08vzkgx-glibc-2.35-163/lib/librt.so.1
7f6115321000-7f6116434000 r-xp 00000000 00:c2b 4611686019135360866       /nix/store/gpxl5qgg8kicmcvivwmybwjlpf7wh20l-graalvm17-ce-22.3.0/lib/server/libjvm.so
7f6116434000-7f6116435000 ---p 01113000 00:c2b 4611686019135360866       /nix/store/gpxl5qgg8kicmcvivwmybwjlpf7wh20l-graalvm17-ce-22.3.0/lib/server/libjvm.so
7f6116435000-7f61164ea000 r--p 01113000 00:c2b 4611686019135360866       /nix/store/gpxl5qgg8kicmcvivwmybwjlpf7wh20l-graalvm17-ce-22.3.0/lib/server/libjvm.so
7f61164ea000-7f611651e000 rw-p 011c8000 00:c2b 4611686019135360866       /nix/store/gpxl5qgg8kicmcvivwmybwjlpf7wh20l-graalvm17-ce-22.3.0/lib/server/libjvm.so
7f611651e000-7f611657a000 rw-p 00000000 00:00 0 
7f611657a000-7f61165a2000 r--p 00000000 00:c2b 4611686019027979918       /nix/store/4nlgxhb09sdr51nc9hdm8az5b08vzkgx-glibc-2.35-163/lib/libc.so.6
7f61165a2000-7f6116718000 r-xp 00028000 00:c2b 4611686019027979918       /nix/store/4nlgxhb09sdr51nc9hdm8az5b08vzkgx-glibc-2.35-163/lib/libc.so.6
7f6116718000-7f6116770000 r--p 0019e000 00:c2b 4611686019027979918       /nix/store/4nlgxhb09sdr51nc9hdm8az5b08vzkgx-glibc-2.35-163/lib/libc.so.6
7f6116770000-7f6116774000 r--p 001f6000 00:c2b 4611686019027979918       /nix/store/4nlgxhb09sdr51nc9hdm8az5b08vzkgx-glibc-2.35-163/lib/libc.so.6
7f6116774000-7f6116776000 rw-p 001fa000 00:c2b 4611686019027979918       /nix/store/4nlgxhb09sdr51nc9hdm8az5b08vzkgx-glibc-2.35-163/lib/libc.so.6
7f6116776000-7f6116785000 rw-p 00000000 00:00 0 
7f6116785000-7f6116786000 r--p 00000000 00:c2b 4611686019027979923       /nix/store/4nlgxhb09sdr51nc9hdm8az5b08vzkgx-glibc-2.35-163/lib/libdl.so.2
7f6116786000-7f6116787000 r-xp 00001000 00:c2b 4611686019027979923       /nix/store/4nlgxhb09sdr51nc9hdm8az5b08vzkgx-glibc-2.35-163/lib/libdl.so.2
7f6116787000-7f6116788000 r--p 00002000 00:c2b 4611686019027979923       /nix/store/4nlgxhb09sdr51nc9hdm8az5b08vzkgx-glibc-2.35-163/lib/libdl.so.2
7f6116788000-7f6116789000 r--p 00002000 00:c2b 4611686019027979923       /nix/store/4nlgxhb09sdr51nc9hdm8az5b08vzkgx-glibc-2.35-163/lib/libdl.so.2
7f6116789000-7f611678a000 rw-p 00003000 00:c2b 4611686019027979923       /nix/store/4nlgxhb09sdr51nc9hdm8az5b08vzkgx-glibc-2.35-163/lib/libdl.so.2
7f611678a000-7f611678b000 r--p 00000000 00:c2b 4611686019027979942       /nix/store/4nlgxhb09sdr51nc9hdm8az5b08vzkgx-glibc-2.35-163/lib/libpthread.so.0
7f611678b000-7f611678c000 r-xp 00001000 00:c2b 4611686019027979942       /nix/store/4nlgxhb09sdr51nc9hdm8az5b08vzkgx-glibc-2.35-163/lib/libpthread.so.0
7f611678c000-7f611678d000 r--p 00002000 00:c2b 4611686019027979942       /nix/store/4nlgxhb09sdr51nc9hdm8az5b08vzkgx-glibc-2.35-163/lib/libpthread.so.0
7f611678d000-7f611678e000 r--p 00002000 00:c2b 4611686019027979942       /nix/store/4nlgxhb09sdr51nc9hdm8az5b08vzkgx-glibc-2.35-163/lib/libpthread.so.0
7f611678e000-7f611678f000 rw-p 00003000 00:c2b 4611686019027979942       /nix/store/4nlgxhb09sdr51nc9hdm8az5b08vzkgx-glibc-2.35-163/lib/libpthread.so.0
7f611678f000-7f611679d000 r-xp 00000000 00:c2b 4611686019135190033       /nix/store/gpxl5qgg8kicmcvivwmybwjlpf7wh20l-graalvm17-ce-22.3.0/lib/libjli.so
7f611679d000-7f611679e000 ---p 0000e000 00:c2b 4611686019135190033       /nix/store/gpxl5qgg8kicmcvivwmybwjlpf7wh20l-graalvm17-ce-22.3.0/lib/libjli.so
7f611679e000-7f611679f000 r--p 0000e000 00:c2b 4611686019135190033       /nix/store/gpxl5qgg8kicmcvivwmybwjlpf7wh20l-graalvm17-ce-22.3.0/lib/libjli.so
7f611679f000-7f61167a0000 rw-p 0000f000 00:c2b 4611686019135190033       /nix/store/gpxl5qgg8kicmcvivwmybwjlpf7wh20l-graalvm17-ce-22.3.0/lib/libjli.so
7f61167a0000-7f61167a1000 rw-p 00012000 00:c2b 4611686019135190033       /nix/store/gpxl5qgg8kicmcvivwmybwjlpf7wh20l-graalvm17-ce-22.3.0/lib/libjli.so
7f61167a1000-7f61167a4000 r--p 00000000 00:c2b 4611686019106210071       /nix/store/026hln0aq1hyshaxsdvhg0kmcm6yf45r-zlib-1.2.13/lib/libz.so.1.2.13
7f61167a4000-7f61167b6000 r-xp 00003000 00:c2b 4611686019106210071       /nix/store/026hln0aq1hyshaxsdvhg0kmcm6yf45r-zlib-1.2.13/lib/libz.so.1.2.13
7f61167b6000-7f61167bd000 r--p 00015000 00:c2b 4611686019106210071       /nix/store/026hln0aq1hyshaxsdvhg0kmcm6yf45r-zlib-1.2.13/lib/libz.so.1.2.13
7f61167bd000-7f61167be000 r--p 0001b000 00:c2b 4611686019106210071       /nix/store/026hln0aq1hyshaxsdvhg0kmcm6yf45r-zlib-1.2.13/lib/libz.so.1.2.13
7f61167be000-7f61167bf000 rw-p 0001c000 00:c2b 4611686019106210071       /nix/store/026hln0aq1hyshaxsdvhg0kmcm6yf45r-zlib-1.2.13/lib/libz.so.1.2.13
7f61167bf000-7f61167c1000 rw-p 00000000 00:00 0 
7f61167c1000-7f61167c3000 r--p 00000000 00:c2b 4611686019027979912       /nix/store/4nlgxhb09sdr51nc9hdm8az5b08vzkgx-glibc-2.35-163/lib/ld-linux-x86-64.so.2
7f61167c3000-7f61167ea000 r-xp 00002000 00:c2b 4611686019027979912       /nix/store/4nlgxhb09sdr51nc9hdm8az5b08vzkgx-glibc-2.35-163/lib/ld-linux-x86-64.so.2
7f61167ea000-7f61167f6000 r--p 00029000 00:c2b 4611686019027979912       /nix/store/4nlgxhb09sdr51nc9hdm8az5b08vzkgx-glibc-2.35-163/lib/ld-linux-x86-64.so.2
7f61167f6000-7f61167f8000 r--p 00034000 00:c2b 4611686019027979912       /nix/store/4nlgxhb09sdr51nc9hdm8az5b08vzkgx-glibc-2.35-163/lib/ld-linux-x86-64.so.2
7f61167f8000-7f61167fa000 rw-p 00036000 00:c2b 4611686019027979912       /nix/store/4nlgxhb09sdr51nc9hdm8az5b08vzkgx-glibc-2.35-163/lib/ld-linux-x86-64.so.2
7ffd769d1000-7ffd769f6000 rw-p 00000000 00:00 0                          [stack]
7ffd769fa000-7ffd769fe000 r--p 00000000 00:00 0                          [vvar]
7ffd769fe000-7ffd76a00000 r-xp 00000000 00:00 0                          [vdso]
ffffffffff600000-ffffffffff601000 --xp 00000000 00:00 0                  [vsyscall]


VM Arguments:
jvm_args: -XX:ThreadPriorityPolicy=1 -XX:+UnlockExperimentalVMOptions -XX:+EnableJVMCIProduct -XX:JVMCIThreadsPerNativeLibraryRuntime=1 -XX:-UnlockExperimentalVMOptions -Declipse.application=org.eclipse.jdt.ls.core.id1 -Dosgi.bundles.defaultStartLevel=4 -Declipse.product=org.eclipse.jdt.ls.core.product -Dlog.level=ALL -Xverify:none -XX:+UseParallelGC -XX:GCTimeRatio=4 -XX:AdaptiveSizePolicyWeight=90 -Dsun.zip.disableMemoryMapping=true -Xmx512m -Xms100m 
java_command: /nix/store/m6gcpi1ii6rghy04cjwjddcavv7i90df-jdt-language-server-1.9.0/share/java/plugins/org.eclipse.equinox.launcher_1.6.400.v20210924-0641.jar --add-modules=ALL-SYSTEM --add-opens java.base/java.util=ALL-UNNAMED --add-opens java.base/java.lang=ALL-UNNAMED -configuration /home/runner/.cache/jdt-language-server/config -data /home/runner/.cache/jdt-language-server/data/home/runner/folha-de-pagamento
java_class_path (initial): /nix/store/m6gcpi1ii6rghy04cjwjddcavv7i90df-jdt-language-server-1.9.0/share/java/plugins/org.eclipse.equinox.launcher_1.6.400.v20210924-0641.jar
Launcher Type: SUN_STANDARD

[Global flags]
    uintx AdaptiveSizePolicyWeight                 = 90                                        {product} {command line}
     intx CICompilerCount                          = 2                                         {product} {ergonomic}
     bool EnableJVMCIProduct                       = true                                {JVMCI product} {jimage}
    uintx GCTimeRatio                              = 4                                         {product} {command line}
   size_t InitialHeapSize                          = 104857600                                 {product} {command line}
     uint JVMCIThreadsPerNativeLibraryRuntime      = 1                                   {JVMCI product} {jimage}
   size_t MaxHeapSize                              = 536870912                                 {product} {command line}
   size_t MaxNewSize                               = 178782208                                 {product} {ergonomic}
   size_t MinHeapDeltaBytes                        = 524288                                    {product} {ergonomic}
   size_t MinHeapSize                              = 104857600                                 {product} {command line}
   size_t NewSize                                  = 34603008                                  {product} {ergonomic}
    uintx NonNMethodCodeHeapSize                   = 5826188                                {pd product} {ergonomic}
    uintx NonProfiledCodeHeapSize                  = 122916026                              {pd product} {ergonomic}
   size_t OldSize                                  = 70254592                                  {product} {ergonomic}
    uintx ProfiledCodeHeapSize                     = 122916026                              {pd product} {ergonomic}
    uintx ReservedCodeCacheSize                    = 251658240                              {pd product} {ergonomic}
     bool SegmentedCodeCache                       = true                                      {product} {ergonomic}
   size_t SoftMaxHeapSize                          = 536870912                              {manageable} {ergonomic}
     intx ThreadPriorityPolicy                     = 1                                         {product} {jimage}
     bool UseCompressedClassPointers               = true                           {product lp64_product} {ergonomic}
     bool UseCompressedOops                        = true                           {product lp64_product} {ergonomic}
     bool UseParallelGC                            = true                                      {product} {command line}

Logging:
Log output configuration:
 #0: stdout all=warning uptime,level,tags
 #1: stderr all=off uptime,level,tags

Environment Variables:
JAVA_HOME=/nix/store/gpxl5qgg8kicmcvivwmybwjlpf7wh20l-graalvm17-ce-22.3.0
PATH=/nix/store/1d6ian3r8kdzspw8hacjhl3xkp40g1lj-binutils-wrapper-2.39/bin:/nix/store/dq0xwmsk1g0i2ayg6pb7y87na2knzylh-gcc-wrapper-11.3.0/bin:/nix/store/bap4d0lpcrhpwmpb8ayjcgkmvfj62lnq-bash-interactive-5.1-p16/bin:/nix/store/pr5n59mb4jzmfx6kanwxly0l07p861fg-patchelf-0.15.0/bin:/nix/store/1gf2flfqnpqbr1b4p4qz2f72y42bs56r-gcc-11.3.0/bin:/nix/store/57xv61c5zi8pphjbcwxxjlgc34p61ic9-glibc-2.35-163-bin/bin:/nix/store/a7gvj343m05j2s32xcnwr35v31ynlypr-coreutils-9.1/bin:/nix/store/039g378vc3pc3dvi9dzdlrd0i4q93qwf-binutils-2.39/bin:/nix/store/gpxl5qgg8kicmcvivwmybwjlpf7wh20l-graalvm17-ce-22.3.0/bin:/nix/store/6z9ag3ihc8mq2hzsw48lhbznvzny65nz-apache-maven-3.8.6/bin:/nix/store/m6gcpi1ii6rghy04cjwjddcavv7i90df-jdt-language-server-1.9.0/bin:/nix/store/84xs5alhs01zrbr4ywm05kxbjbp5590l-java-debug/bin:/nix/store/mydc6f4k2z73xlcz7ilif3v2lcaiqvza-findutils-4.9.0/bin:/nix/store/j9p3g8472iijd50vhdprx0nmk2fqn5gv-diffutils-3.8/bin:/nix/store/89zs7rms6x00xfq4dq6m7mjnhkr8a6r4-gnused-4.8/bin:/nix/store/86bp03jkmsl6f92w0yzg4s59g5mhxwmy-gnugrep-3.7/bin:/nix/store/hwcdqw4jrjnd37wxqgsd47hd0j8bnj09-gawk-5.1.1/bin:/nix/store/cfbhw8r8ags41vwqaz47r583d0p4h4a1-gnutar-1.34/bin:/nix/store/p3m1ndl1lapwrlh698bnb5lvvxh67378-gzip-1.12/bin:/nix/store/a8mhcagrsly7c7mpjrpsnaahk4aax056-bzip2-1.0.8-bin/bin:/nix/store/mblgz65m3zv9x548a3d5m96fj2pbwr09-gnumake-4.3/bin:/nix/store/dsd5gz46hdbdk2rfdimqddhq6m8m8fqs-bash-5.1-p16/bin:/nix/store/v7ljksji50mg3w61dykaa3n3y79n6nil-patch-2.7.6/bin:/nix/store/zlcnmqq14jz5x9439jf937mvayyl63da-xz-5.2.7-bin/bin:/nix/store/y6aj732zm9m87c82fpvf103a1xb22blp-file-5.43/bin:/nix/store/i4kzir3m7mrisxmf5xvlnkw01x4qaqr4-prybar-elisp-0.0.0-e0d9a52/bin:/nix/store/lwwivxf6h7x3cvxp9zv8sj0mv7dak99r-prybar-lua-0.0.0-e0d9a52/bin:/nix/store/gxj28g1cg4hq3qanmjv07156h800qr58-prybar-python3-0.0.0-e0d9a52/bin:/nix/store/hshkjnxrgidigf8x75vg6lqng2xlx9i3-prybar-sqlite-0.0.0-e0d9a52/bin:/nix/store/c4w01bpjgyy5ixmwdk8m1pw87zq4sl26-prybar-tcl-0.0.0-e0d9a52/bin:/nix/store/hpbvrlwd5viqmvcaisb3x0118i913a9n-st
LD_LIBRARY_PATH=/nix/store/a4pff549sk2idnkpzk5nsfps3mdkdnvm-cups-2.4.2-lib/lib:/nix/store/72mqxxhh3cy5yifh92wh2yb8cl2hikyy-cairo-1.16.0/lib:/nix/store/2k366jrbsra97gjfxwvrhvixjfxdach5-glib-2.74.1/lib:/nix/store/2j2znigd8ak37rlwh9khz0ry3clqlw1l-gtk+3-3.24.34/lib:/nix/store/hisqvx32cd57apbpcsnkpx6k3549wql1-libglvnd-1.4.0/lib:/nix/store/p36pgcv991mq5srvg765b78yqpxvk3qs-mesa-21.3.3-drivers/lib:/nix/store/mav4251if1ahjq5vkpwycyyvnmy459c4-pulseaudio-14.2/lib
DISPLAY=:0
LANG=en_US.UTF-8

Signal Handlers:
   SIGSEGV: crash_handler in libjvm.so, mask=11100100010111111101111111111110, flags=SA_RESTART|SA_SIGINFO
    SIGBUS: crash_handler in libjvm.so, mask=11100100010111111101111111111110, flags=SA_RESTART|SA_SIGINFO
    SIGFPE: crash_handler in libjvm.so, mask=11100100010111111101111111111110, flags=SA_RESTART|SA_SIGINFO
   SIGPIPE: IsolateEnterStub_IgnoreSIGPIPEStartupHook_noopSignalHandler_8f19bff2f35b5f630d83b364d6b2339320d4ec70_216e8361c6bc87a8f89f58cc10d3b2fd4415bf87 in libjvmcicompiler.so, mask=00000000000000000000000000000000, flags=SA_RESTART
  *** Handler was modified!
  *** Expected: javaSignalHandler in libjvm.so, mask=11100100110111111111111111111110, flags=SA_RESTART|SA_SIGINFO
   SIGXFSZ: javaSignalHandler in libjvm.so, mask=11100100010111111101111111111110, flags=SA_RESTART|SA_SIGINFO
    SIGILL: crash_handler in libjvm.so, mask=11100100010111111101111111111110, flags=SA_RESTART|SA_SIGINFO
   SIGUSR2: SR_handler in libjvm.so, mask=00000000000000000000000000000000, flags=SA_RESTART|SA_SIGINFO
    SIGHUP: UserHandler in libjvm.so, mask=11100100010111111101111111111110, flags=SA_RESTART|SA_SIGINFO
    SIGINT: UserHandler in libjvm.so, mask=11100100010111111101111111111110, flags=SA_RESTART|SA_SIGINFO
   SIGTERM: UserHandler in libjvm.so, mask=11100100010111111101111111111110, flags=SA_RESTART|SA_SIGINFO
   SIGQUIT: UserHandler in libjvm.so, mask=11100100010111111101111111111110, flags=SA_RESTART|SA_SIGINFO
  *** Handler was modified!
  *** Expected: javaSignalHandler in libjvm.so, mask=11100100110111111111111111111110, flags=SA_RESTART|SA_SIGINFO
   SIGTRAP: crash_handler in libjvm.so, mask=11100100010111111101111111111110, flags=SA_RESTART|SA_SIGINFO


---------------  S Y S T E M  ---------------

OS:
DISTRIB_ID=Ubuntu
DISTRIB_RELEASE=20.04
DISTRIB_CODENAME=focal
DISTRIB_DESCRIPTION="Ubuntu 20.04.2 LTS"
uname: Linux 5.15.0-1031-gcp #38~20.04.1-Ubuntu SMP Sun Mar 12 04:47:58 UTC 2023 x86_64
OS uptime: 0 days 8:08 hours
libc: glibc 2.35 NPTL 2.35 
rlimit (soft/hard): STACK 8192k/infinity , CORE infinity/infinity , NPROC infinity/infinity , NOFILE 5242/5242 , AS infinity/infinity , CPU infinity/infinity , DATA infinity/infinity , FSIZE infinity/infinity , MEMLOCK 64k/64k
load average: 10.53 12.00 12.64

/proc/meminfo:
MemTotal:       65852696 kB
MemFree:        16525364 kB
MemAvailable:   41023004 kB
Buffers:         2819844 kB
Cached:         20283004 kB
SwapCached:            0 kB
Active:          9700052 kB
Inactive:       34380948 kB
Active(anon):      16252 kB
Inactive(anon): 20744584 kB
Active(file):    9683800 kB
Inactive(file): 13636364 kB
Unevictable:       42824 kB
Mlocked:           42824 kB
SwapTotal:             0 kB
SwapFree:              0 kB
Dirty:              2756 kB
Writeback:             0 kB
AnonPages:      20144344 kB
Mapped:          1870224 kB
Shmem:             36868 kB
KReclaimable:    1904236 kB
Slab:            4153624 kB
SReclaimable:    1904236 kB
SUnreclaim:      2249388 kB
KernelStack:      412976 kB
PageTables:       213556 kB
NFS_Unstable:          0 kB
Bounce:                0 kB
WritebackTmp:          0 kB
CommitLimit:    32926348 kB
Committed_AS:   76170844 kB
VmallocTotal:   34359738367 kB
VmallocUsed:      465548 kB
VmallocChunk:          0 kB
Percpu:            88128 kB
HardwareCorrupted:     0 kB
AnonHugePages:   5619712 kB
ShmemHugePages:        0 kB
ShmemPmdMapped:        0 kB
FileHugePages:         0 kB
FilePmdMapped:         0 kB
HugePages_Total:       0
HugePages_Free:        0
HugePages_Rsvd:        0
HugePages_Surp:        0
Hugepagesize:       2048 kB
Hugetlb:               0 kB
DirectMap4k:     5716792 kB
DirectMap2M:    48805888 kB
DirectMap1G:    14680064 kB

/sys/kernel/mm/transparent_hugepage/enabled: always [madvise] never
/sys/kernel/mm/transparent_hugepage/defrag (defrag/compaction efforts parameter): always defer defer+madvise [madvise] never

Process Memory:
Virtual Size: 5130880K (peak: 5231424K)
Resident Set Size: 779240K (peak: 884408K) (anon: 582028K, file: 197212K, shmem: 0K)
Swapped out: 0K
C-Heap outstanding allocations: 45073K, retained: 15554K
glibc malloc tunables: (default)

/proc/sys/kernel/threads-max (system-wide limit on the number of threads): 514406
/proc/sys/vm/max_map_count (maximum number of memory map areas a process may have): 65530
/proc/sys/kernel/pid_max (system-wide limit on number of process identifiers): 4194304

container (cgroup) information:
container_type: cgroupv1
cpu_cpuset_cpus: 2-7
cpu_memory_nodes: 0
active_processor_count: 1
cpu_quota: 50000
cpu_period: 100000
cpu_shares: 512
memory_limit_in_bytes: 1048576 k
memory_and_swap_limit_in_bytes: 1048576 k
memory_soft_limit_in_bytes: 524288 k
memory_usage_in_bytes: 634508 k
memory_max_usage_in_bytes: 736076 k
maximum number of tasks: 1000
current number of tasks: 56

KVM virtualization detected
Steal ticks since vm start: 0
Steal ticks percentage since vm start:  0.000

CPU: total 8 (initial active 1) (8 cores per cpu, 2 threads per core) family 23 model 49 stepping 0 microcode 0xffffffff, cx8, cmov, fxsr, ht, mmx, 3dnowpref, sse, sse2, sse3, ssse3, sse4a, sse4.1, sse4.2, popcnt, lzcnt, tsc, tscinvbit, avx, avx2, aes, clmul, bmi1, bmi2, adx, sha, fma, vzeroupper, clflush, clflushopt, hv
CPU Model and flags from /proc/cpuinfo:
model name	: AMD EPYC 7B12
flags		: fpu vme de pse tsc msr pae mce cx8 apic sep mtrr pge mca cmov pat pse36 clflush mmx fxsr sse sse2 ht syscall nx mmxext fxsr_opt pdpe1gb rdtscp lm constant_tsc rep_good nopl nonstop_tsc cpuid extd_apicid tsc_known_freq pni pclmulqdq ssse3 fma cx16 sse4_1 sse4_2 movbe popcnt aes xsave avx f16c rdrand hypervisor lahf_lm cmp_legacy cr8_legacy abm sse4a misalignsse 3dnowprefetch osvw topoext ssbd ibrs ibpb stibp vmmcall fsgsbase tsc_adjust bmi1 avx2 smep bmi2 rdseed adx smap clflushopt clwb sha_ni xsaveopt xsavec xgetbv1 clzero xsaveerptr arat npt nrip_save umip rdpid

Online cpus: 0-7
Offline cpus: 
BIOS frequency limitation: <Not Available>
Frequency switch latency (ns): <Not Available>
Available cpu frequencies: <Not Available>
Current governor: <Not Available>
Core performance/turbo boost: <Not Available>

Memory: 4k page, physical 1048576k(414060k free), swap 0k(0k free)
Page Sizes: 4k

vm_info: OpenJDK 64-Bit Server VM (17.0.5+8-jvmci-22.3-b08) for linux-amd64 JRE (17.0.5+8-jvmci-22.3-b08), built on Oct 19 2022 09:01:27 by "buildslave" with gcc 10.3.0

END.
